TN:
SF:build-scripts\copy-prisma-generated-sql.js
FN:1,(empty-report)
FNF:1
FNH:0
FNDA:0,(empty-report)
DA:1,0
DA:5,0
DA:7,0
DA:9,0
DA:10,0
DA:12,0
DA:13,0
DA:14,0
DA:16,0
DA:17,0
DA:18,0
DA:19,0
DA:21,0
DA:22,0
DA:23,0
DA:24,0
DA:26,0
DA:27,0
DA:28,0
DA:30,0
DA:31,0
DA:32,0
DA:33,0
DA:34,0
DA:35,0
DA:38,0
DA:39,0
DA:40,0
DA:41,0
DA:43,0
DA:46,0
DA:47,0
DA:48,0
DA:49,0
DA:50,0
DA:51,0
DA:53,0
DA:54,0
DA:55,0
DA:57,0
DA:58,0
LF:41
LH:0
BRDA:1,0,0,0
BRF:1
BRH:0
end_of_record
TN:
SF:src\app.controller.ts
FN:5,<instance_members_initializer>
FN:6,AppController
FN:9,getHello
FNF:3
FNH:3
FNDA:2,<instance_members_initializer>
FNDA:2,AppController
FNDA:1,getHello
DA:1,1
DA:2,1
DA:5,1
DA:6,2
DA:9,2
DA:10,1
DA:11,1
DA:12,2
LF:8
LH:8
BRDA:5,0,0,2
BRDA:6,1,0,2
BRDA:9,2,0,1
BRF:3
BRH:3
end_of_record
TN:
SF:src\app.module.ts
FN:20,configure
FNF:1
FNH:0
FNDA:0,configure
DA:1,1
DA:2,1
DA:3,1
DA:4,1
DA:5,1
DA:6,1
DA:7,1
DA:8,1
DA:9,1
DA:10,1
DA:11,1
DA:14,1
DA:15,1
DA:16,1
DA:18,1
DA:19,1
DA:20,1
DA:21,0
DA:22,0
DA:23,0
DA:24,0
DA:25,0
DA:27,0
DA:28,0
DA:29,1
LF:25
LH:18
BRF:0
BRH:0
end_of_record
TN:
SF:src\app.service.ts
FN:5,getHello
FNF:1
FNH:1
FNDA:1,getHello
DA:1,1
DA:4,1
DA:5,1
DA:6,1
DA:7,1
DA:8,1
LF:6
LH:6
BRDA:5,0,0,1
BRF:1
BRH:1
end_of_record
TN:
SF:src\app.ts
FN:13,bootstrap
FNF:1
FNH:1
FNDA:1,bootstrap
DA:1,1
DA:2,1
DA:3,1
DA:4,1
DA:6,1
DA:7,1
DA:8,1
DA:10,1
DA:12,1
DA:13,1
DA:14,1
DA:15,1
DA:16,1
DA:17,1
DA:18,1
DA:19,1
DA:20,1
DA:21,1
DA:22,1
DA:23,1
DA:24,1
DA:25,1
DA:26,1
DA:27,1
DA:28,1
DA:29,1
DA:30,1
DA:31,1
DA:32,1
DA:34,1
DA:35,1
DA:37,1
DA:38,1
DA:39,1
DA:41,1
DA:42,1
LF:36
LH:36
BRDA:13,0,0,1
BRF:1
BRH:1
end_of_record
TN:
SF:src\health.controller.ts
FN:10,<instance_members_initializer>
FN:11,HealthController
FN:19,check
FNF:3
FNH:2
FNDA:1,<instance_members_initializer>
FNDA:1,HealthController
FNDA:0,check
DA:1,1
DA:2,1
DA:7,1
DA:10,1
DA:11,1
DA:12,1
DA:13,1
DA:14,1
DA:15,1
DA:19,1
DA:20,0
DA:21,0
DA:22,0
DA:23,0
DA:24,1
LF:15
LH:11
BRDA:10,0,0,1
BRDA:11,1,0,1
BRF:2
BRH:2
end_of_record
TN:
SF:src\main.ts
FN:1,(empty-report)
FNF:1
FNH:1
FNDA:1,(empty-report)
DA:2,0
DA:3,0
DA:4,0
DA:6,0
DA:7,0
DA:8,0
DA:9,0
DA:10,0
DA:11,0
DA:12,0
DA:13,0
DA:14,0
DA:15,0
LF:13
LH:0
BRDA:1,0,0,1
BRF:1
BRH:1
end_of_record
TN:
SF:src\metrics.controller.ts
FN:6,<instance_members_initializer>
FN:7,MetricsController
FN:9,getMetrics
FNF:3
FNH:2
FNDA:1,<instance_members_initializer>
FNDA:1,MetricsController
FNDA:0,getMetrics
DA:1,1
DA:2,1
DA:3,1
DA:4,1
DA:6,1
DA:7,1
DA:9,1
DA:10,0
DA:11,0
DA:12,0
DA:13,0
DA:14,0
DA:15,1
LF:13
LH:8
BRDA:6,0,0,1
BRDA:7,1,0,1
BRF:2
BRH:2
end_of_record
TN:
SF:src\prisma.module.ts
FNF:0
FNH:0
DA:1,1
DA:2,1
DA:5,1
DA:6,1
DA:8,1
LF:5
LH:5
BRF:0
BRH:0
end_of_record
TN:
SF:src\prisma.service.ts
FN:17,<instance_members_initializer>
FN:22,<static_initializer>
FN:26,PrismaService
FN:47,onModuleInit
FN:58,onModuleDestroy
FNF:5
FNH:4
FNDA:1,<instance_members_initializer>
FNDA:4,<static_initializer>
FNDA:2,PrismaService
FNDA:0,onModuleInit
FNDA:2,onModuleDestroy
DA:1,1
DA:7,1
DA:9,1
DA:10,1
DA:11,1
DA:12,1
DA:13,1
DA:14,1
DA:15,1
DA:17,1
DA:18,1
DA:19,1
DA:22,1
DA:23,1
DA:24,1
DA:26,1
DA:27,2
DA:28,1
DA:29,1
DA:30,1
DA:31,1
DA:32,1
DA:33,1
DA:34,1
DA:35,1
DA:36,1
DA:37,1
DA:38,1
DA:39,1
DA:40,1
DA:41,1
DA:43,1
DA:44,1
DA:45,1
DA:47,1
DA:48,0
DA:49,0
DA:50,0
DA:51,0
DA:52,0
DA:53,0
DA:55,0
DA:56,0
DA:58,1
DA:59,2
DA:60,2
DA:61,1
LF:47
LH:39
BRDA:9,0,0,0
BRDA:10,1,0,0
BRDA:11,2,0,0
BRDA:13,3,0,0
BRDA:14,4,0,0
BRDA:17,5,0,1
BRDA:22,6,0,4
BRDA:26,7,0,2
BRDA:27,8,0,1
BRDA:58,9,0,2
BRF:10
BRH:5
end_of_record
TN:
SF:src\common\logger.config.ts
FNF:0
FNH:0
DA:1,1
DA:2,1
DA:5,1
DA:6,1
DA:7,1
DA:9,1
DA:10,1
DA:11,1
DA:12,1
DA:15,1
DA:16,1
DA:17,1
DA:18,1
DA:19,1
DA:20,1
DA:21,1
DA:22,1
DA:24,1
DA:25,1
DA:26,1
DA:27,1
LF:21
LH:21
BRF:0
BRH:0
end_of_record
TN:
SF:src\common\interceptors\metrics.interceptor.ts
FN:19,<instance_members_initializer>
FN:22,MetricsInterceptor
FN:24,getOperationName
FN:36,logMetrics
FN:74,getErrorType
FN:80,intercept
FNF:6
FNH:6
FNDA:15,<instance_members_initializer>
FNDA:15,MetricsInterceptor
FNDA:6,getOperationName
FNDA:6,logMetrics
FNDA:8,getErrorType
FNDA:4,intercept
DA:1,1
DA:7,1
DA:8,1
DA:9,1
DA:19,1
DA:20,15
DA:22,15
DA:24,15
DA:25,6
DA:26,6
DA:28,6
DA:29,6
DA:30,6
DA:33,6
DA:34,6
DA:36,15
DA:37,6
DA:38,6
DA:39,6
DA:40,6
DA:41,6
DA:42,6
DA:44,6
DA:46,6
DA:47,6
DA:48,6
DA:50,6
DA:51,6
DA:52,6
DA:53,6
DA:54,6
DA:55,6
DA:57,6
DA:58,6
DA:59,6
DA:61,6
DA:62,6
DA:63,2
DA:64,2
DA:65,2
DA:67,6
DA:68,6
DA:69,3
DA:70,3
DA:71,3
DA:72,6
DA:74,15
DA:75,8
DA:76,8
DA:77,2
DA:78,2
DA:80,15
DA:81,4
DA:82,4
DA:83,4
DA:84,4
DA:86,4
DA:87,4
DA:88,2
DA:89,2
DA:90,2
DA:92,4
DA:93,15
LF:63
LH:63
BRDA:19,0,0,15
BRDA:22,1,0,15
BRDA:24,2,0,6
BRDA:33,3,0,2
BRDA:33,4,0,4
BRDA:36,5,0,6
BRDA:62,6,0,2
BRDA:68,7,0,3
BRDA:74,8,0,8
BRDA:75,9,0,3
BRDA:75,10,0,5
BRDA:76,11,0,3
BRDA:76,12,0,2
BRDA:80,13,0,4
BRDA:87,14,0,2
BRF:15
BRH:15
end_of_record
TN:
SF:src\middleware\prom.ts
FN:1,(empty-report)
FNF:1
FNH:0
FNDA:0,(empty-report)
DA:1,0
DA:2,0
DA:4,0
DA:5,0
DA:7,0
DA:8,0
DA:9,0
DA:10,0
DA:11,0
DA:12,0
LF:10
LH:0
BRDA:1,0,0,0
BRF:1
BRH:0
end_of_record
TN:
SF:src\middleware\req.res.logger.ts
FN:5,<instance_members_initializer>
FN:8,use
FNF:2
FNH:2
FNDA:1,<instance_members_initializer>
FNDA:1,use
DA:2,1
DA:5,1
DA:6,1
DA:8,1
DA:9,1
DA:11,1
DA:12,1
DA:13,1
DA:14,1
DA:15,1
DA:16,1
DA:17,1
DA:18,1
DA:19,1
DA:20,1
DA:21,1
LF:16
LH:16
BRDA:5,0,0,1
BRDA:8,1,0,1
BRDA:11,2,0,1
BRDA:13,3,0,0
BRF:4
BRH:3
end_of_record
TN:
SF:src\prisma-generated-sql\getRecreationResourceSpatialFeatureGeometry.js
FNF:0
FNH:0
DA:1,1
DA:2,1
DA:3,1
DA:4,1
DA:5,1
DA:6,1
LF:6
LH:6
BRF:0
BRH:0
end_of_record
TN:
SF:src\prisma-generated-sql\index.js
FNF:0
FNH:0
DA:1,1
DA:2,1
DA:3,1
LF:3
LH:3
BRF:0
BRH:0
end_of_record
TN:
SF:src\recreation-resource\recreation-resource.controller.ts
FN:21,<instance_members_initializer>
FN:22,RecreationResourceController
FN:27,searchRecreationResources
FN:107,findOne
FN:153,findSiteOperator
FN:123,type
FNF:6
FNH:6
FNDA:9,<instance_members_initializer>
FNDA:9,RecreationResourceController
FNDA:2,searchRecreationResources
FNDA:2,findOne
FNDA:3,findSiteOperator
FNDA:1,type
DA:1,1
DA:2,1
DA:9,1
DA:10,1
DA:11,1
DA:12,1
DA:13,1
DA:17,1
DA:20,1
DA:21,1
DA:22,9
DA:23,9
DA:24,9
DA:25,9
DA:27,9
DA:28,2
DA:29,2
DA:32,2
DA:33,2
DA:34,2
DA:35,2
DA:38,2
DA:39,2
DA:40,2
DA:41,2
DA:44,2
DA:45,2
DA:46,2
DA:47,2
DA:50,2
DA:51,2
DA:52,2
DA:53,2
DA:56,2
DA:57,2
DA:58,2
DA:59,2
DA:62,2
DA:63,2
DA:64,2
DA:65,2
DA:68,2
DA:69,2
DA:70,2
DA:71,2
DA:74,2
DA:75,2
DA:76,2
DA:77,2
DA:80,2
DA:81,2
DA:82,2
DA:85,2
DA:86,2
DA:87,2
DA:88,2
DA:89,2
DA:90,2
DA:91,2
DA:92,2
DA:93,2
DA:94,2
DA:95,2
DA:96,2
DA:97,2
DA:98,2
DA:99,2
DA:100,2
DA:101,2
DA:102,2
DA:103,2
DA:105,2
DA:107,9
DA:109,2
DA:110,2
DA:113,2
DA:114,2
DA:115,2
DA:116,2
DA:117,2
DA:120,2
DA:121,2
DA:122,2
DA:123,2
DA:124,2
DA:125,2
DA:126,2
DA:127,2
DA:130,2
DA:131,2
DA:132,2
DA:134,2
DA:135,2
DA:136,2
DA:137,2
DA:139,2
DA:141,2
DA:142,2
DA:143,2
DA:144,2
DA:145,2
DA:147,2
DA:148,1
DA:149,1
DA:150,1
DA:151,1
DA:153,9
DA:155,3
DA:156,3
DA:159,3
DA:160,3
DA:161,3
DA:162,3
DA:163,3
DA:166,3
DA:167,3
DA:168,3
DA:170,3
DA:171,3
DA:172,3
DA:173,3
DA:174,3
DA:175,3
DA:177,2
DA:178,1
DA:179,1
DA:180,1
DA:181,1
DA:182,1
DA:183,1
DA:184,1
DA:185,1
DA:186,1
DA:187,1
DA:188,9
LF:135
LH:135
BRDA:21,0,0,9
BRDA:22,1,0,9
BRDA:27,2,0,2
BRDA:97,3,0,0
BRDA:98,4,0,0
BRDA:107,5,0,2
BRDA:147,6,0,1
BRDA:153,7,0,3
BRDA:175,8,0,1
BRDA:175,9,0,2
BRDA:177,10,0,1
BRDA:123,11,0,1
BRF:12
BRH:10
end_of_record
TN:
SF:src\recreation-resource\recreation-resource.module.ts
FNF:0
FNH:0
DA:1,1
DA:2,1
DA:3,1
DA:4,1
DA:5,1
DA:6,1
DA:7,1
DA:10,1
DA:11,1
DA:12,1
DA:13,1
DA:14,1
DA:15,1
DA:16,1
DA:18,1
LF:15
LH:15
BRF:0
BRH:0
end_of_record
TN:
SF:src\recreation-resource\constants\image.constants.ts
FNF:0
FNH:0
DA:1,1
DA:3,1
DA:7,1
DA:8,1
DA:9,1
LF:5
LH:5
BRF:0
BRH:0
end_of_record
TN:
SF:src\recreation-resource\constants\service.constants.ts
FNF:0
FNH:0
DA:1,1
DA:2,1
DA:3,1
DA:4,1
DA:5,1
DA:6,1
DA:7,1
LF:7
LH:7
BRF:0
BRH:0
end_of_record
TN:
SF:src\recreation-resource\dto\paginated-recreation-resource.dto.ts
FN:4,<instance_members_initializer>
FN:25,<instance_members_initializer>
FN:39,<instance_members_initializer>
FNF:3
FNH:3
FNDA:1,<instance_members_initializer>
FNDA:1,<instance_members_initializer>
FNDA:3,<instance_members_initializer>
DA:1,1
DA:2,1
DA:4,1
DA:6,1
DA:7,1
DA:8,1
DA:10,1
DA:13,1
DA:14,1
DA:16,1
DA:19,1
DA:20,1
DA:22,1
DA:23,1
DA:25,1
DA:27,1
DA:30,1
DA:33,1
DA:35,1
DA:36,1
DA:37,1
DA:39,1
DA:40,3
DA:41,3
DA:44,3
DA:47,3
DA:50,3
DA:52,3
DA:53,3
DA:54,3
LF:30
LH:30
BRDA:4,0,0,1
BRDA:25,1,0,1
BRDA:39,2,0,3
BRF:3
BRH:3
end_of_record
TN:
SF:src\recreation-resource\dto\recreation-resource-doc.dto.ts
FN:11,<instance_members_initializer>
FNF:1
FNH:1
FNDA:2,<instance_members_initializer>
DA:1,1
DA:3,1
DA:5,1
DA:6,1
DA:7,1
DA:11,1
DA:13,2
DA:14,2
DA:16,2
DA:19,2
DA:20,2
DA:22,2
DA:25,2
DA:27,2
DA:30,2
DA:31,2
DA:33,2
DA:36,2
DA:38,2
DA:41,2
DA:43,2
DA:44,2
LF:22
LH:22
BRDA:11,0,0,2
BRF:1
BRH:1
end_of_record
TN:
SF:src\recreation-resource\dto\recreation-resource-image.dto.ts
FN:56,<instance_members_initializer>
FN:93,<instance_members_initializer>
FNF:2
FNH:2
FNDA:3,<instance_members_initializer>
FNDA:1,<instance_members_initializer>
DA:1,1
DA:3,1
DA:5,1
DA:6,1
DA:7,1
DA:10,1
DA:13,1
DA:16,1
DA:19,1
DA:22,1
DA:25,1
DA:28,1
DA:31,1
DA:34,1
DA:37,1
DA:40,1
DA:43,1
DA:46,1
DA:49,1
DA:52,1
DA:56,1
DA:58,3
DA:59,3
DA:60,3
DA:61,3
DA:62,3
DA:63,3
DA:64,3
DA:66,3
DA:69,3
DA:70,3
DA:72,3
DA:75,3
DA:76,3
DA:78,3
DA:81,3
DA:82,3
DA:84,3
DA:87,3
DA:88,3
DA:90,3
DA:91,3
DA:93,1
DA:95,1
DA:96,1
DA:98,1
DA:101,1
DA:102,1
DA:104,1
DA:107,1
DA:108,1
DA:109,1
DA:111,1
DA:112,1
LF:54
LH:54
BRDA:56,0,0,3
BRDA:93,1,0,1
BRF:2
BRH:2
end_of_record
TN:
SF:src\recreation-resource\dto\recreation-resource.dto.ts
FN:11,<instance_members_initializer>
FN:25,<instance_members_initializer>
FN:93,<instance_members_initializer>
FN:113,<instance_members_initializer>
FN:131,<instance_members_initializer>
FN:183,<instance_members_initializer>
FN:275,<instance_members_initializer>
FNF:7
FNH:7
FNDA:1,<instance_members_initializer>
FNDA:4,<instance_members_initializer>
FNDA:1,<instance_members_initializer>
FNDA:3,<instance_members_initializer>
FNDA:7,<instance_members_initializer>
FNDA:3,<instance_members_initializer>
FNDA:2,<instance_members_initializer>
DA:1,1
DA:2,1
DA:3,1
DA:6,1
DA:11,1
DA:13,1
DA:14,1
DA:16,1
DA:19,1
DA:20,1
DA:22,1
DA:23,1
DA:25,1
DA:27,4
DA:28,4
DA:30,4
DA:33,4
DA:34,4
DA:36,4
DA:39,4
DA:40,4
DA:42,4
DA:45,4
DA:46,4
DA:48,4
DA:51,4
DA:52,4
DA:54,4
DA:57,4
DA:58,4
DA:60,4
DA:63,4
DA:64,4
DA:66,4
DA:69,4
DA:70,4
DA:72,4
DA:75,4
DA:76,4
DA:78,4
DA:81,4
DA:82,4
DA:84,4
DA:87,4
DA:88,4
DA:90,4
DA:91,4
DA:93,1
DA:95,1
DA:97,1
DA:100,1
DA:101,1
DA:102,1
DA:104,1
DA:107,1
DA:108,1
DA:110,1
DA:111,1
DA:113,1
DA:115,3
DA:116,3
DA:118,3
DA:121,3
DA:122,3
DA:124,3
DA:125,3
DA:127,1
DA:130,1
DA:131,1
DA:133,7
DA:134,7
DA:135,7
DA:137,7
DA:140,7
DA:141,7
DA:142,7
DA:143,7
DA:145,7
DA:148,7
DA:149,7
DA:151,7
DA:154,7
DA:155,7
DA:157,7
DA:160,7
DA:161,7
DA:163,7
DA:166,7
DA:167,7
DA:168,7
DA:170,7
DA:173,7
DA:174,7
DA:175,7
DA:177,7
DA:178,7
DA:180,1
DA:182,1
DA:183,1
DA:185,3
DA:186,3
DA:188,3
DA:191,3
DA:192,3
DA:194,3
DA:197,3
DA:198,3
DA:199,3
DA:201,3
DA:204,3
DA:205,3
DA:206,3
DA:207,3
DA:209,3
DA:212,3
DA:213,3
DA:214,3
DA:216,3
DA:219,3
DA:220,3
DA:221,3
DA:223,3
DA:226,3
DA:227,3
DA:228,3
DA:230,3
DA:233,3
DA:234,3
DA:235,3
DA:237,3
DA:240,3
DA:241,3
DA:242,3
DA:243,3
DA:244,3
DA:247,3
DA:250,3
DA:251,3
DA:252,3
DA:253,3
DA:254,3
DA:256,3
DA:259,3
DA:260,3
DA:261,3
DA:263,3
DA:264,3
DA:266,1
DA:268,1
DA:269,1
DA:271,1
DA:274,1
DA:275,1
DA:277,2
DA:278,2
DA:280,2
DA:283,2
DA:284,2
DA:286,2
DA:289,2
DA:290,2
DA:292,2
DA:295,2
DA:296,2
DA:298,2
DA:301,2
DA:302,2
DA:304,2
DA:307,2
DA:308,2
DA:310,2
DA:313,2
DA:314,2
DA:316,2
DA:317,2
LF:175
LH:175
BRDA:11,0,0,1
BRDA:25,1,0,4
BRDA:93,2,0,1
BRDA:113,3,0,3
BRDA:131,4,0,7
BRDA:183,5,0,3
BRDA:275,6,0,2
BRF:7
BRH:7
end_of_record
TN:
SF:src\recreation-resource\pipes\parse-image-sizes.pipe.ts
FN:10,<instance_members_initializer>
FN:15,ParseImageSizesPipe
FN:26,transform
FNF:3
FNH:3
FNDA:11,<instance_members_initializer>
FNDA:11,ParseImageSizesPipe
FNDA:10,transform
DA:1,1
DA:2,1
DA:3,1
DA:10,1
DA:11,11
DA:14,11
DA:15,11
DA:16,11
DA:17,11
DA:18,11
DA:19,11
DA:21,11
DA:25,11
DA:26,11
DA:27,10
DA:28,4
DA:29,4
DA:31,6
DA:32,1
DA:33,5
DA:35,10
DA:36,10
DA:37,10
DA:38,11
DA:41,10
DA:42,10
DA:43,11
LF:27
LH:27
BRDA:10,0,0,11
BRDA:15,1,0,11
BRDA:26,2,0,10
BRDA:27,3,0,4
BRDA:29,4,0,6
BRDA:31,5,0,1
BRDA:32,6,0,5
BRDA:41,7,0,4
BRDA:41,8,0,2
BRDA:37,9,0,11
BRF:10
BRH:10
end_of_record
TN:
SF:src\recreation-resource\service\fsa-resource.service.ts
FN:8,<instance_members_initializer>
FN:9,FsaResourceService
FN:11,findByClientNumber
FNF:3
FNH:3
FNDA:11,<instance_members_initializer>
FNDA:11,FsaResourceService
FNDA:2,findByClientNumber
DA:1,1
DA:2,1
DA:3,1
DA:5,1
DA:8,1
DA:9,11
DA:11,11
DA:12,2
DA:13,2
DA:14,2
DA:15,2
DA:16,2
DA:17,1
DA:18,1
DA:20,2
DA:21,2
DA:22,11
LF:17
LH:17
BRDA:5,0,0,1
BRDA:8,1,0,11
BRDA:9,2,0,11
BRDA:11,3,0,2
BRDA:15,4,0,1
BRDA:16,5,0,1
BRF:6
BRH:6
end_of_record
TN:
SF:src\recreation-resource\service\recreation-resource-search.service.ts
FN:19,<instance_members_initializer>
FN:20,RecreationResourceSearchService
FN:22,searchRecreationResources
FNF:3
FNH:3
FNDA:22,<instance_members_initializer>
FNDA:22,RecreationResourceSearchService
FNDA:9,searchRecreationResources
DA:1,1
DA:2,1
DA:3,1
DA:4,1
DA:5,1
DA:6,1
DA:8,1
DA:19,1
DA:20,22
DA:22,22
DA:23,9
DA:24,9
DA:25,9
DA:26,9
DA:27,9
DA:28,9
DA:29,9
DA:30,9
DA:31,9
DA:32,9
DA:33,9
DA:34,1
DA:35,1
DA:37,8
DA:38,9
DA:39,0
DA:40,0
DA:42,8
DA:43,8
DA:44,9
DA:45,9
DA:47,9
DA:48,9
DA:49,9
DA:50,9
DA:51,9
DA:52,9
DA:53,9
DA:54,9
DA:56,9
DA:57,9
DA:58,9
DA:60,9
DA:62,9
DA:63,9
DA:65,9
DA:66,9
DA:70,9
DA:88,9
DA:90,9
DA:92,9
DA:93,9
DA:96,9
DA:100,9
DA:104,9
DA:105,9
DA:106,9
DA:108,8
DA:109,8
DA:110,8
DA:111,8
DA:112,9
DA:113,9
DA:114,9
DA:115,9
DA:116,9
DA:117,9
DA:118,9
DA:119,22
LF:69
LH:67
BRDA:19,0,0,22
BRDA:20,1,0,22
BRDA:22,2,0,9
BRDA:33,3,0,1
BRDA:33,4,0,1
BRDA:35,5,0,8
BRDA:38,6,0,6
BRDA:38,7,0,0
BRDA:40,8,0,8
BRDA:44,9,0,6
BRDA:44,10,0,2
BRDA:63,11,0,0
BRDA:63,12,0,8
BRDA:106,13,0,8
BRDA:112,14,0,7
BRDA:112,15,0,1
BRF:16
BRH:14
end_of_record
TN:
SF:src\recreation-resource\service\recreation-resource.service.ts
FN:11,<instance_members_initializer>
FN:12,RecreationResourceService
FN:17,findOne
FN:47,findClientNumber
FN:65,searchRecreationResources
FNF:5
FNH:5
FNDA:22,<instance_members_initializer>
FNDA:22,RecreationResourceService
FNDA:2,findOne
FNDA:2,findClientNumber
FNDA:9,searchRecreationResources
DA:1,1
DA:2,1
DA:3,1
DA:4,1
DA:5,1
DA:8,1
DA:11,1
DA:12,22
DA:13,22
DA:14,22
DA:15,22
DA:17,22
DA:18,2
DA:19,2
DA:20,2
DA:21,2
DA:22,2
DA:23,2
DA:24,2
DA:25,2
DA:26,2
DA:27,2
DA:28,2
DA:29,2
DA:31,2
DA:32,1
DA:33,1
DA:35,1
DA:36,1
DA:37,1
DA:38,1
DA:41,1
DA:42,1
DA:43,1
DA:45,1
DA:47,22
DA:48,2
DA:49,2
DA:50,2
DA:51,2
DA:52,2
DA:53,2
DA:54,2
DA:55,2
DA:56,2
DA:58,2
DA:59,1
DA:60,1
DA:62,1
DA:63,1
DA:65,22
DA:66,9
DA:67,9
DA:68,9
DA:69,9
DA:70,9
DA:71,9
DA:72,9
DA:73,9
DA:74,9
DA:75,9
DA:76,9
DA:77,9
DA:78,9
DA:79,9
DA:80,9
DA:81,9
DA:82,9
DA:83,9
DA:85,9
DA:86,22
LF:71
LH:71
BRDA:11,0,0,22
BRDA:12,1,0,22
BRDA:17,2,0,2
BRDA:31,3,0,1
BRDA:47,4,0,2
BRDA:58,5,0,1
BRDA:65,6,0,9
BRF:7
BRH:7
end_of_record
TN:
SF:src\recreation-resource\service\types.ts
FN:1,(empty-report)
FNF:1
FNH:1
FNDA:1,(empty-report)
LF:0
LH:0
BRDA:1,0,0,1
BRF:1
BRH:1
end_of_record
TN:
SF:src\recreation-resource\utils\buildFilterMenu.ts
FN:8,buildFilterMenu
FNF:1
FNH:1
FNDA:11,buildFilterMenu
DA:7,1
DA:8,1
DA:9,11
DA:10,11
DA:14,11
DA:15,11
DA:16,11
DA:18,11
DA:19,16
DA:20,16
DA:21,16
DA:22,16
DA:24,11
DA:25,11
DA:26,11
DA:27,8
DA:28,8
DA:29,8
DA:30,8
DA:32,11
DA:33,11
DA:34,11
DA:35,8
DA:36,8
DA:37,8
DA:38,8
DA:40,11
DA:41,11
DA:42,11
DA:43,10
DA:44,10
DA:45,10
DA:46,10
DA:47,11
DA:49,11
DA:50,11
DA:51,11
DA:52,11
DA:53,11
DA:54,11
DA:55,11
DA:56,11
DA:57,11
DA:58,11
DA:59,11
DA:60,11
DA:61,11
DA:62,11
DA:63,11
DA:64,11
DA:65,11
DA:66,11
DA:67,11
DA:68,11
DA:69,11
DA:70,11
DA:71,11
DA:72,11
DA:73,11
DA:74,11
DA:75,11
DA:76,11
DA:77,11
DA:78,11
DA:79,11
DA:80,11
DA:81,11
DA:82,11
DA:84,11
DA:85,11
DA:86,11
DA:87,11
DA:88,11
DA:89,11
DA:90,11
DA:91,11
DA:93,11
DA:94,11
LF:78
LH:78
BRDA:8,0,0,11
BRDA:15,1,0,9
BRDA:15,2,0,2
BRDA:16,3,0,9
BRDA:16,4,0,2
BRDA:18,5,0,16
BRDA:21,6,0,0
BRDA:25,7,0,26
BRDA:26,8,0,8
BRDA:29,9,0,0
BRDA:33,10,0,26
BRDA:34,11,0,8
BRDA:37,12,0,0
BRDA:41,13,0,26
BRDA:42,14,0,10
BRDA:45,15,0,0
BRF:16
BRH:12
end_of_record
TN:
SF:src\recreation-resource\utils\buildSearchFilterQuery.ts
FN:13,buildSearchFilterQuery
FNF:1
FNH:1
FNDA:16,buildSearchFilterQuery
DA:1,1
DA:12,1
DA:13,1
DA:14,16
DA:15,16
DA:16,16
DA:17,16
DA:18,16
DA:19,16
DA:27,16
DA:28,16
DA:29,16
DA:30,16
DA:31,16
DA:32,16
DA:34,16
DA:36,16
DA:37,16
DA:38,3
DA:39,16
DA:41,16
DA:42,16
DA:43,3
DA:44,16
DA:46,16
DA:47,16
DA:48,3
DA:49,16
DA:51,16
DA:52,16
DA:53,3
DA:57,3
DA:58,3
DA:59,3
DA:60,16
DA:62,16
DA:63,16
DA:64,3
DA:68,3
DA:69,3
DA:70,3
DA:71,3
DA:73,3
DA:76,3
DA:77,16
DA:79,16
DA:81,16
DA:82,16
DA:83,16
DA:84,16
DA:85,16
DA:86,16
DA:87,16
DA:88,16
LF:54
LH:54
BRDA:13,0,0,16
BRDA:28,1,0,3
BRDA:28,2,0,13
BRDA:29,3,0,3
BRDA:29,4,0,13
BRDA:30,5,0,3
BRDA:30,6,0,13
BRDA:31,7,0,3
BRDA:31,8,0,13
BRDA:32,9,0,3
BRDA:32,10,0,13
BRDA:37,11,0,3
BRDA:39,12,0,13
BRDA:42,13,0,3
BRDA:44,14,0,13
BRDA:47,15,0,3
BRDA:49,16,0,13
BRDA:52,17,0,3
BRDA:60,18,0,13
BRDA:63,19,0,3
BRDA:77,20,0,13
BRDA:70,21,0,5
BRF:22
BRH:22
end_of_record
TN:
SF:src\recreation-resource\utils\formatRecreationResourceDetailResults.ts
FN:12,formatRecreationResourceDetailResults
FNF:1
FNH:1
FNDA:9,formatRecreationResourceDetailResults
DA:9,1
DA:11,1
DA:12,1
DA:13,9
DA:14,9
DA:16,9
DA:18,9
DA:19,9
DA:20,9
DA:21,9
DA:22,9
DA:23,9
DA:24,9
DA:25,9
DA:26,9
DA:27,9
DA:28,9
DA:30,9
DA:31,7
DA:32,7
DA:33,7
DA:34,7
DA:35,9
DA:36,9
DA:37,9
DA:38,9
DA:39,9
DA:40,9
DA:41,9
DA:42,9
DA:43,9
DA:44,9
DA:45,9
DA:46,9
DA:47,7
DA:48,7
DA:49,7
DA:50,7
DA:51,7
DA:52,7
DA:53,7
DA:54,7
DA:55,7
DA:56,7
DA:57,7
DA:58,7
DA:59,7
DA:60,7
DA:61,7
DA:62,7
DA:63,9
DA:64,9
DA:65,9
DA:66,4
DA:67,4
DA:68,4
DA:70,2
DA:71,7
DA:72,9
DA:73,2
DA:75,2
DA:76,7
DA:77,9
DA:78,9
DA:79,9
DA:80,9
DA:81,7
DA:82,7
DA:83,7
DA:84,7
DA:85,7
DA:86,7
DA:87,7
DA:88,7
DA:89,7
DA:90,7
DA:91,7
DA:92,7
DA:93,9
DA:94,7
DA:95,7
DA:96,7
DA:97,7
DA:98,9
DA:99,9
DA:100,9
DA:101,9
LF:87
LH:87
BRDA:12,0,0,9
BRDA:22,1,0,7
BRDA:23,2,0,7
BRDA:26,3,0,7
BRDA:27,4,0,7
BRDA:30,5,0,7
BRDA:37,6,0,5
BRDA:37,7,0,4
BRDA:39,8,0,5
BRDA:41,9,0,5
BRDA:41,10,0,4
BRDA:43,11,0,7
BRDA:47,12,0,7
BRDA:62,13,0,2
BRDA:65,14,0,7
BRDA:68,15,0,2
BRDA:70,16,0,7
BRDA:72,17,0,7
BRDA:73,18,0,2
BRDA:75,19,0,7
BRDA:79,20,0,7
BRDA:98,21,0,7
BRDA:99,22,0,7
BRDA:30,23,0,7
BRDA:48,24,0,14
BRDA:49,25,0,7
BRDA:65,26,0,4
BRDA:72,27,0,2
BRDA:79,28,0,14
BRDA:80,29,0,7
BRDA:93,30,0,7
BRF:31
BRH:31
end_of_record
TN:
SF:src\recreation-resource\utils\formatSearchResults.ts
FN:30,formatSearchResults
FNF:1
FNH:1
FNDA:12,formatSearchResults
DA:8,1
DA:29,1
DA:30,1
DA:31,12
DA:33,12
DA:34,9
DA:35,9
DA:36,9
DA:37,9
DA:38,9
DA:39,9
DA:40,9
DA:41,7
DA:42,7
DA:43,9
DA:44,9
DA:45,9
DA:46,9
DA:47,9
DA:48,9
DA:49,9
DA:50,9
DA:51,9
DA:52,9
DA:53,9
DA:54,12
LF:26
LH:26
BRDA:30,0,0,12
BRDA:33,1,0,9
BRDA:43,2,0,0
BRDA:46,3,0,8
BRDA:46,4,0,8
BRDA:47,5,0,8
BRDA:49,6,0,8
BRDA:49,7,0,1
BRDA:51,8,0,0
BRDA:40,9,0,7
BRF:10
BRH:8
end_of_record
TN:
SF:src\recreation-resource\utils\getRecreationResourceSelect.ts
FN:4,getRecreationResourceSelect
FNF:1
FNH:1
FNDA:2,getRecreationResourceSelect
DA:2,1
DA:4,1
DA:5,2
DA:6,2
DA:7,2
DA:8,2
DA:9,2
DA:10,2
DA:11,2
DA:12,2
DA:13,2
DA:14,2
DA:15,2
DA:16,2
DA:17,2
DA:18,2
DA:19,2
DA:20,2
DA:21,2
DA:22,2
DA:23,2
DA:24,2
DA:25,2
DA:26,2
DA:27,2
DA:28,2
DA:29,2
DA:30,2
DA:31,2
DA:32,2
DA:33,2
DA:34,2
DA:35,2
DA:36,2
DA:37,2
DA:38,2
DA:39,2
DA:40,2
DA:41,2
DA:42,2
DA:43,2
DA:44,2
DA:45,2
DA:46,2
DA:47,2
DA:48,2
DA:49,2
DA:50,2
DA:51,2
DA:52,2
DA:53,2
DA:54,2
DA:55,2
DA:56,2
DA:57,2
DA:58,2
DA:59,2
DA:60,2
DA:61,2
DA:62,2
DA:63,2
DA:64,2
DA:65,2
DA:66,2
DA:67,2
DA:68,2
DA:69,2
DA:70,2
DA:71,2
DA:72,2
DA:73,2
DA:74,2
DA:75,2
DA:76,2
DA:77,2
DA:78,2
DA:79,2
DA:80,2
DA:81,2
DA:82,2
DA:83,2
DA:84,2
DA:85,2
DA:86,2
DA:87,2
DA:88,2
DA:89,2
DA:90,2
DA:91,2
DA:92,2
DA:93,2
DA:94,2
DA:95,2
DA:96,2
DA:97,2
DA:98,2
DA:99,2
DA:100,2
DA:101,2
DA:102,2
DA:103,2
DA:104,2
DA:105,2
DA:106,2
DA:107,2
DA:108,2
DA:109,2
DA:110,2
DA:111,2
DA:112,2
DA:113,2
DA:114,2
DA:115,2
DA:116,2
DA:117,2
DA:118,2
DA:119,2
DA:120,2
DA:121,2
DA:122,2
DA:123,2
DA:124,2
DA:125,2
DA:126,2
LF:124
LH:124
BRDA:4,0,0,2
BRF:1
BRH:1
end_of_record
