TN:
SF:src\App.tsx
FN:10,App
FNF:1
FNH:1
FNDA:2,App
DA:1,1
DA:2,1
DA:3,1
DA:4,1
DA:5,1
DA:6,1
DA:8,1
DA:10,1
DA:11,2
DA:12,2
DA:13,2
DA:14,2
DA:15,2
DA:16,2
DA:17,2
DA:18,2
DA:20,2
DA:21,2
DA:22,2
DA:24,2
DA:25,2
DA:26,2
DA:27,2
DA:28,2
DA:29,2
DA:30,2
DA:31,2
DA:32,2
DA:33,2
DA:34,2
DA:35,2
DA:36,2
DA:37,2
DA:39,2
DA:41,1
LF:35
LH:35
BRDA:10,0,0,2
BRF:1
BRH:1
end_of_record
TN:
SF:src\index.tsx
FN:1,(empty-report)
FNF:1
FNH:0
FNDA:0,(empty-report)
DA:1,0
DA:2,0
DA:3,0
DA:4,0
DA:6,0
DA:7,0
DA:8,0
DA:9,0
DA:10,0
DA:11,0
DA:13,0
DA:14,0
DA:17,0
DA:18,0
DA:19,0
DA:20,0
DA:21,0
DA:23,0
DA:25,0
DA:26,0
DA:27,0
DA:28,0
DA:29,0
DA:31,0
LF:24
LH:0
BRDA:1,0,0,0
BRF:1
BRH:0
end_of_record
TN:
SF:src\test-utils.tsx
FN:13,createTestQueryClient
FN:20,TestQueryClientProvider
FNF:2
FNH:2
FNDA:15,createTestQueryClient
FNDA:15,TestQueryClientProvider
DA:1,1
DA:2,1
DA:3,1
DA:6,1
DA:7,15
DA:8,15
DA:10,1
DA:11,1
DA:13,1
DA:14,15
DA:15,15
DA:16,15
DA:17,15
DA:18,15
DA:20,1
DA:21,15
DA:22,15
DA:24,15
DA:25,15
DA:26,15
DA:27,15
DA:29,15
LF:22
LH:22
BRDA:6,0,0,15
BRDA:13,1,0,15
BRDA:20,2,0,15
BRF:3
BRH:3
end_of_record
TN:
SF:src\components\NotFound.tsx
FN:4,NotFound
FN:15,onClick
FNF:2
FNH:2
FNDA:2,NotFound
FNDA:1,onClick
DA:1,1
DA:2,1
DA:4,2
DA:5,2
DA:7,2
DA:8,2
DA:9,2
DA:10,2
DA:11,2
DA:12,2
DA:13,2
DA:14,2
DA:15,2
DA:16,2
DA:18,2
DA:19,2
DA:20,2
DA:22,2
LF:18
LH:18
BRDA:4,0,0,2
BRDA:15,1,0,1
BRF:2
BRH:2
end_of_record
TN:
SF:src\components\LoadingButton\LoadingButton.tsx
FN:13,LoadingButton
FNF:1
FNH:1
FNDA:18,LoadingButton
DA:2,1
DA:13,1
DA:14,18
DA:15,18
DA:16,18
DA:17,18
DA:18,18
DA:19,18
DA:20,18
DA:21,18
DA:22,18
DA:23,18
DA:24,18
DA:25,18
DA:26,18
DA:27,18
DA:29,18
DA:30,18
DA:31,18
DA:32,18
DA:34,18
LF:21
LH:21
BRDA:13,0,0,18
BRDA:30,1,0,1
BRDA:30,2,0,17
BRF:3
BRH:3
end_of_record
TN:
SF:src\components\LoadingButton\index.ts
FNF:0
FNH:0
DA:1,1
LF:1
LH:1
BRF:0
BRH:0
end_of_record
TN:
SF:src\components\RSTSVGLogo\RSTSVGLogo.tsx
FN:5,RSTSVGLogo
FNF:1
FNH:1
FNDA:1,RSTSVGLogo
DA:2,1
DA:3,1
DA:5,1
DA:6,1
DA:7,1
DA:8,1
DA:9,1
DA:10,1
DA:11,1
DA:12,1
DA:13,1
DA:14,1
DA:15,1
DA:17,1
LF:14
LH:14
BRDA:5,0,0,1
BRF:1
BRH:1
end_of_record
TN:
SF:src\components\StyledVectorFeatureMap\StyledVectorFeatureMap.tsx
FN:29,StyledVectorFeatureMap
FNF:1
FNH:1
FNDA:4,StyledVectorFeatureMap
DA:1,1
DA:4,1
DA:11,1
DA:12,1
DA:29,1
DA:30,4
DA:31,4
DA:32,4
DA:33,4
DA:34,4
DA:35,4
DA:36,4
DA:37,4
DA:40,4
DA:41,4
DA:42,1
DA:43,1
DA:44,1
DA:45,4
DA:46,4
DA:49,4
DA:50,4
DA:51,4
DA:52,4
DA:53,4
DA:54,4
DA:56,4
DA:57,3
DA:58,3
DA:59,3
DA:60,3
DA:61,4
DA:64,4
DA:66,4
DA:67,4
DA:68,4
DA:69,4
DA:70,4
DA:71,4
DA:73,4
DA:74,4
DA:75,4
DA:77,4
LF:43
LH:43
BRDA:29,0,0,4
BRDA:41,1,0,1
BRDA:56,2,0,3
BRF:3
BRH:3
end_of_record
TN:
SF:src\components\StyledVectorFeatureMap\constants.ts
FNF:0
FNH:0
DA:2,1
DA:3,1
DA:9,1
DA:16,1
DA:17,1
DA:18,1
DA:19,1
DA:26,1
DA:27,1
DA:28,1
DA:29,1
DA:30,1
DA:31,1
DA:36,1
LF:14
LH:14
BRF:0
BRH:0
end_of_record
TN:
SF:src\components\StyledVectorFeatureMap\index.ts
FNF:0
FNH:0
DA:1,1
LF:1
LH:1
BRF:0
BRH:0
end_of_record
TN:
SF:src\components\StyledVectorFeatureMap\components\MapControls.tsx
FNF:0
FNH:0
DA:1,1
DA:2,1
DA:3,1
DA:4,1
DA:9,1
DA:10,1
DA:13,1
DA:28,1
DA:29,6
DA:31,6
DA:32,6
DA:33,2
DA:34,2
DA:35,2
DA:36,2
DA:37,2
DA:38,2
DA:39,2
DA:40,2
DA:41,2
DA:42,6
DA:43,6
DA:45,6
DA:46,6
DA:47,1
DA:48,1
DA:49,1
DA:50,1
DA:51,1
DA:52,1
DA:53,1
DA:54,1
DA:55,1
DA:56,6
DA:57,6
DA:59,6
DA:60,6
DA:61,2
DA:62,2
DA:63,2
DA:64,2
DA:65,2
DA:66,2
DA:67,2
DA:68,2
DA:69,2
DA:70,2
DA:71,2
DA:72,6
DA:73,6
DA:75,6
DA:76,6
DA:77,6
DA:78,6
DA:79,6
DA:80,6
DA:82,6
DA:83,6
DA:84,6
DA:85,6
DA:86,6
DA:87,6
DA:88,6
DA:90,6
DA:91,6
DA:92,6
DA:93,6
DA:94,6
DA:95,6
DA:96,6
DA:98,6
DA:99,6
DA:100,6
DA:102,6
LF:74
LH:74
BRDA:28,0,0,6
BRDA:32,1,0,2
BRDA:34,2,0,1
BRDA:46,3,0,1
BRDA:48,4,0,0
BRDA:60,5,0,2
BRDA:62,6,0,1
BRF:7
BRH:6
end_of_record
TN:
SF:src\components\StyledVectorFeatureMap\hooks\index.ts
FNF:0
FNH:0
DA:1,1
DA:2,1
DA:3,1
DA:4,1
DA:5,1
LF:5
LH:5
BRF:0
BRH:0
end_of_record
TN:
SF:src\components\StyledVectorFeatureMap\hooks\useAddVectorLayerToMap.ts
FN:25,useAddVectorLayerToMap
FNF:1
FNH:1
FNDA:8,useAddVectorLayerToMap
DA:1,1
DA:2,1
DA:3,1
DA:25,1
DA:26,8
DA:27,8
DA:28,8
DA:29,8
DA:30,8
DA:31,8
DA:32,8
DA:34,8
DA:35,5
DA:37,3
DA:38,3
DA:39,3
DA:40,3
DA:41,3
DA:43,3
DA:44,3
DA:45,3
DA:48,3
DA:49,1
DA:50,1
DA:51,3
DA:54,3
DA:55,3
DA:56,3
DA:57,8
DA:59,8
DA:60,8
LF:31
LH:31
BRDA:25,0,0,8
BRDA:34,1,0,5
BRDA:35,2,0,4
BRDA:35,3,0,2
BRDA:35,4,0,3
BRDA:48,5,0,1
BRDA:54,6,0,3
BRF:7
BRH:7
end_of_record
TN:
SF:src\components\StyledVectorFeatureMap\hooks\useGetMapStyles.ts
FN:7,useGetMapStyles
FN:10,queryFn
FNF:2
FNH:2
FNDA:4,useGetMapStyles
FNDA:2,queryFn
DA:1,1
DA:2,1
DA:7,1
DA:8,4
DA:9,4
DA:10,4
DA:11,2
DA:12,2
DA:13,2
DA:14,2
DA:15,1
DA:16,2
DA:17,4
LF:13
LH:13
BRDA:7,0,0,4
BRDA:10,1,0,2
BRDA:14,2,0,1
BRF:3
BRH:3
end_of_record
TN:
SF:src\components\StyledVectorFeatureMap\hooks\useMapBaseLayers.ts
FN:23,useMapBaseLayers
FNF:1
FNH:1
FNDA:4,useMapBaseLayers
DA:1,1
DA:2,1
DA:3,1
DA:4,1
DA:5,1
DA:6,1
DA:7,1
DA:10,1
DA:11,1
DA:12,1
DA:13,1
DA:14,1
DA:15,1
DA:16,1
DA:17,1
DA:23,1
DA:24,4
DA:27,4
DA:28,4
DA:29,1
DA:30,1
DA:31,1
DA:32,1
DA:33,4
DA:35,4
DA:36,4
LF:26
LH:26
BRDA:23,0,0,4
BRDA:27,1,0,4
BRDA:28,2,0,1
BRDA:29,3,0,1
BRF:4
BRH:4
end_of_record
TN:
SF:src\components\StyledVectorFeatureMap\hooks\useMapInitialization.ts
FN:15,useMapInitialization
FNF:1
FNH:1
FNDA:3,useMapInitialization
DA:1,1
DA:2,1
DA:3,1
DA:5,1
DA:15,1
DA:16,3
DA:17,2
DA:18,2
DA:19,2
DA:20,2
DA:21,2
DA:22,2
DA:23,2
DA:24,2
DA:25,2
DA:26,2
DA:27,2
DA:28,2
DA:29,3
DA:30,3
LF:20
LH:20
BRDA:15,0,0,3
BRDA:16,1,0,2
BRF:2
BRH:2
end_of_record
TN:
SF:src\components\StyledVectorFeatureMap\hooks\useOpenLayersTracking.ts
FN:5,useOpenLayersTracking
FN:10,handlePointerDrag
FN:14,handleWheel
FN:18,handleTouchStart
FN:24,handleMoveEnd
FNF:5
FNH:4
FNDA:2,useOpenLayersTracking
FNDA:1,handlePointerDrag
FNDA:1,handleWheel
FNDA:0,handleTouchStart
FNDA:2,handleMoveEnd
DA:1,1
DA:3,1
DA:5,1
DA:6,2
DA:7,2
DA:9,2
DA:10,2
DA:11,1
DA:12,1
DA:14,2
DA:15,1
DA:16,1
DA:18,2
DA:19,0
DA:20,0
DA:21,0
DA:22,0
DA:24,2
DA:25,2
DA:26,1
DA:27,1
DA:28,1
DA:29,1
DA:30,1
DA:31,1
DA:32,1
DA:33,1
DA:34,1
DA:35,1
DA:36,1
DA:37,1
DA:39,2
DA:40,2
DA:41,2
DA:43,2
DA:44,2
DA:46,2
DA:47,2
DA:48,2
DA:50,2
DA:51,2
DA:52,2
DA:53,2
DA:54,2
DA:55,2
DA:56,2
DA:57,2
LF:47
LH:43
BRDA:5,0,0,2
BRDA:9,1,0,2
BRDA:10,2,0,1
BRDA:14,3,0,1
BRDA:24,4,0,2
BRDA:25,5,0,1
BRDA:50,6,0,2
BRF:7
BRH:7
end_of_record
TN:
SF:src\components\landing-page\LandingPage.tsx
FN:18,LearnMoreLink
FN:37,FeedbackButton
FN:48,LandingPage
FNF:3
FNH:3
FNDA:1,LearnMoreLink
FNDA:1,FeedbackButton
FNDA:1,LandingPage
DA:2,1
DA:3,1
DA:4,1
DA:5,1
DA:6,1
DA:7,1
DA:8,1
DA:13,1
DA:18,1
DA:19,1
DA:20,1
DA:21,1
DA:22,1
DA:23,1
DA:24,1
DA:25,1
DA:26,1
DA:27,1
DA:29,1
DA:30,1
DA:31,1
DA:32,1
DA:33,1
DA:34,1
DA:37,1
DA:38,1
DA:39,1
DA:40,1
DA:41,1
DA:42,1
DA:43,1
DA:45,1
DA:48,1
DA:49,1
DA:50,1
DA:51,1
DA:52,1
DA:53,1
DA:54,1
DA:55,1
DA:56,1
DA:58,1
DA:59,1
DA:60,1
DA:61,1
DA:63,1
DA:65,1
DA:66,1
DA:67,1
DA:71,1
DA:72,1
DA:77,1
DA:78,1
DA:79,1
DA:80,1
DA:81,1
DA:82,1
DA:83,1
DA:84,1
DA:86,1
DA:88,1
DA:89,1
DA:91,1
DA:92,1
DA:93,1
DA:95,1
DA:96,1
DA:97,1
DA:98,1
DA:100,1
DA:102,1
DA:103,1
DA:104,1
DA:110,1
DA:111,1
DA:112,1
DA:114,1
DA:115,1
DA:116,1
DA:117,1
DA:119,1
DA:120,1
DA:121,1
DA:122,1
DA:124,1
DA:126,1
DA:127,1
DA:128,1
DA:132,1
DA:133,1
DA:137,1
DA:138,1
DA:140,1
DA:141,1
DA:142,1
DA:144,1
DA:145,1
DA:146,1
DA:147,1
DA:149,1
DA:151,1
DA:152,1
DA:153,1
DA:157,1
DA:158,1
DA:159,1
DA:161,1
DA:162,1
DA:163,1
DA:164,1
DA:165,1
DA:166,1
DA:168,1
LF:113
LH:113
BRDA:18,0,0,1
BRDA:37,1,0,1
BRDA:48,2,0,1
BRF:3
BRH:3
end_of_record
TN:
SF:src\components\landing-page\constants.ts
FNF:0
FNH:0
DA:1,1
DA:2,1
DA:3,1
DA:4,1
DA:5,1
DA:6,1
DA:8,1
LF:7
LH:7
BRF:0
BRH:0
end_of_record
TN:
SF:src\components\landing-page\index.ts
FNF:0
FNH:0
DA:1,1
DA:2,1
LF:2
LH:2
BRF:0
BRH:0
end_of_record
TN:
SF:src\components\landing-page\components\index.ts
FNF:0
FNH:0
DA:1,1
DA:2,1
DA:3,1
LF:3
LH:3
BRF:0
BRH:0
end_of_record
TN:
SF:src\components\landing-page\components\content-section\ContentSection.tsx
FN:15,ContentSection
FNF:1
FNH:1
FNDA:3,ContentSection
DA:1,1
DA:2,1
DA:3,1
DA:4,1
DA:5,1
DA:15,1
DA:16,3
DA:17,3
DA:18,3
DA:19,3
DA:20,3
DA:21,3
DA:22,3
DA:23,3
DA:26,3
DA:27,3
DA:28,3
DA:29,3
DA:30,3
DA:32,3
DA:33,3
DA:34,3
DA:35,3
DA:36,3
DA:37,3
DA:38,3
DA:39,3
DA:41,3
DA:42,3
DA:43,3
DA:44,3
DA:45,3
DA:46,3
DA:47,3
DA:48,3
DA:49,3
DA:50,3
DA:51,3
DA:52,3
DA:53,3
DA:54,3
DA:56,3
DA:57,3
DA:58,3
DA:59,3
DA:60,3
DA:62,3
LF:47
LH:47
BRDA:15,0,0,3
BRDA:22,1,0,1
BRDA:22,2,0,2
BRDA:23,3,0,1
BRDA:23,4,0,2
BRDA:26,5,0,3
BRDA:28,6,0,15
BRF:7
BRH:7
end_of_record
TN:
SF:src\components\landing-page\components\content-section\constants.ts
FNF:0
FNH:0
DA:1,1
DA:2,1
LF:2
LH:2
BRF:0
BRH:0
end_of_record
TN:
SF:src\components\landing-page\components\content-section\index.ts
FNF:0
FNH:0
DA:1,1
LF:1
LH:1
BRF:0
BRH:0
end_of_record
TN:
SF:src\components\landing-page\components\recreation-search-banner\RecreationSearchBanner.tsx
FN:6,RecreationSearchBanner
FNF:1
FNH:1
FNDA:1,RecreationSearchBanner
DA:2,1
DA:3,1
DA:4,1
DA:6,1
DA:7,1
DA:8,1
DA:9,1
DA:10,1
DA:14,1
DA:15,1
DA:16,1
DA:17,1
DA:18,1
DA:19,1
DA:20,1
DA:21,1
DA:22,1
DA:23,1
DA:24,1
DA:25,1
DA:26,1
DA:27,1
DA:29,1
LF:23
LH:23
BRDA:6,0,0,1
BRF:1
BRH:1
end_of_record
TN:
SF:src\components\landing-page\components\recreation-search-banner\index.ts
FNF:0
FNH:0
DA:1,1
LF:1
LH:1
BRF:0
BRH:0
end_of_record
TN:
SF:src\components\landing-page\components\section-heading\SectionHeading.tsx
FN:9,SectionHeading
FNF:1
FNH:1
FNDA:2,SectionHeading
DA:2,1
DA:9,1
DA:10,2
DA:11,2
DA:12,2
LF:5
LH:5
BRDA:9,0,0,2
BRDA:10,1,0,1
BRF:2
BRH:2
end_of_record
TN:
SF:src\components\landing-page\components\section-heading\index.ts
FNF:0
FNH:0
DA:1,1
LF:1
LH:1
BRF:0
BRH:0
end_of_record
TN:
SF:src\components\layout\BetaBanner.tsx
FN:9,BetaBanner
FNF:1
FNH:1
FNDA:3,BetaBanner
DA:1,1
DA:2,1
DA:3,1
DA:4,1
DA:5,1
DA:6,1
DA:7,1
DA:9,1
DA:10,3
DA:12,3
DA:13,3
DA:14,3
DA:15,3
DA:16,3
DA:17,3
DA:18,1
DA:20,1
DA:21,1
DA:22,1
DA:23,1
DA:24,1
DA:25,1
DA:27,1
DA:28,1
DA:30,2
DA:32,2
DA:33,2
DA:34,2
DA:35,2
DA:36,2
DA:38,2
DA:39,2
DA:41,3
DA:42,3
DA:43,3
DA:44,3
DA:45,3
DA:46,3
DA:47,3
DA:48,3
DA:49,3
DA:50,3
DA:51,3
DA:52,3
DA:54,3
DA:55,3
DA:56,3
DA:58,3
DA:60,1
LF:49
LH:49
BRDA:9,0,0,3
BRDA:17,1,0,1
BRDA:28,2,0,2
BRDA:54,3,0,1
BRDA:54,4,0,2
BRF:5
BRH:5
end_of_record
TN:
SF:src\components\layout\BreadCrumbs.tsx
FN:11,BreadCrumbs
FNF:1
FNH:1
FNDA:80,BreadCrumbs
DA:1,1
DA:2,1
DA:3,1
DA:4,1
DA:5,1
DA:11,1
DA:12,80
DA:13,80
DA:14,80
DA:15,80
DA:16,80
DA:17,8
DA:18,80
DA:20,80
DA:21,80
DA:22,80
DA:23,80
DA:24,80
DA:25,80
DA:26,80
DA:27,4
DA:28,8
DA:29,8
DA:31,8
DA:32,4
DA:33,4
DA:34,4
DA:36,4
DA:37,4
DA:38,4
DA:39,4
DA:40,4
DA:41,4
DA:43,4
DA:44,80
DA:46,80
DA:48,1
LF:37
LH:37
BRDA:11,0,0,80
BRDA:26,1,0,4
BRDA:15,2,0,164
BRDA:16,3,0,8
BRDA:17,4,0,4
BRDA:17,5,0,4
BRDA:27,6,0,8
BRDA:28,7,0,4
BRDA:28,8,0,4
BRDA:31,9,0,4
BRDA:34,10,0,4
BRF:11
BRH:11
end_of_record
TN:
SF:src\components\layout\Footer.tsx
FN:92,Footer
FNF:1
FNH:1
FNDA:1,Footer
DA:1,1
DA:2,1
DA:3,1
DA:4,1
DA:5,1
DA:6,1
DA:7,1
DA:9,1
DA:10,1
DA:11,1
DA:12,1
DA:13,1
DA:14,1
DA:15,1
DA:16,1
DA:17,1
DA:18,1
DA:19,1
DA:20,1
DA:21,1
DA:22,1
DA:23,1
DA:24,1
DA:25,1
DA:26,1
DA:27,1
DA:28,1
DA:29,1
DA:30,1
DA:31,1
DA:32,1
DA:33,1
DA:34,1
DA:35,1
DA:36,1
DA:37,1
DA:38,1
DA:39,1
DA:40,1
DA:41,1
DA:42,1
DA:43,1
DA:44,1
DA:45,1
DA:46,1
DA:47,1
DA:48,1
DA:49,1
DA:50,1
DA:51,1
DA:52,1
DA:53,1
DA:54,1
DA:55,1
DA:56,1
DA:57,1
DA:58,1
DA:59,1
DA:60,1
DA:61,1
DA:62,1
DA:63,1
DA:64,1
DA:65,1
DA:66,1
DA:68,1
DA:69,1
DA:70,1
DA:71,1
DA:73,1
DA:74,1
DA:75,1
DA:76,1
DA:77,1
DA:78,1
DA:79,1
DA:80,1
DA:81,1
DA:82,1
DA:83,1
DA:84,1
DA:85,1
DA:86,1
DA:87,1
DA:88,1
DA:89,1
DA:90,1
DA:92,1
DA:93,1
DA:94,1
DA:95,1
DA:96,1
DA:97,1
DA:99,1
DA:104,1
DA:105,1
DA:106,1
DA:107,1
DA:108,1
DA:109,1
DA:110,1
DA:111,1
DA:112,1
DA:113,1
DA:114,1
DA:115,1
DA:116,1
DA:117,1
DA:118,1
DA:119,1
DA:120,1
DA:121,1
DA:122,1
DA:123,1
DA:124,1
DA:125,3
DA:126,3
DA:127,3
DA:128,3
DA:129,3
DA:130,1
DA:131,1
DA:132,1
DA:133,1
DA:134,1
DA:135,1
DA:136,4
DA:137,1
DA:138,1
DA:139,1
DA:140,1
DA:142,1
DA:144,1
LF:133
LH:133
BRDA:92,0,0,1
BRDA:124,1,0,3
BRDA:135,2,0,4
BRF:3
BRH:3
end_of_record
TN:
SF:src\components\layout\FooterLink.tsx
FN:8,FooterLink
FNF:1
FNH:1
FNDA:5,FooterLink
DA:1,1
DA:8,1
DA:9,5
DA:10,5
DA:11,5
DA:12,5
DA:13,5
DA:14,5
DA:15,5
DA:16,5
DA:17,5
DA:18,5
DA:19,5
DA:20,5
DA:22,5
DA:23,5
DA:24,5
DA:26,5
DA:28,1
LF:19
LH:19
BRDA:8,0,0,5
BRF:1
BRH:1
end_of_record
TN:
SF:src\components\layout\FooterLinkColumn.tsx
FN:15,FooterLinkColumn
FNF:1
FNH:1
FNDA:4,FooterLinkColumn
DA:2,1
DA:15,1
DA:16,4
DA:17,4
DA:18,4
DA:19,4
DA:20,4
DA:21,4
DA:22,8
DA:23,7
DA:24,7
DA:25,7
DA:26,7
DA:27,7
DA:28,7
DA:29,7
DA:30,7
DA:31,7
DA:33,7
DA:34,7
DA:35,7
DA:37,1
DA:38,1
DA:39,1
DA:40,1
DA:41,1
DA:42,1
DA:43,1
DA:44,1
DA:45,1
DA:46,1
DA:48,1
DA:49,1
DA:51,4
DA:52,4
DA:53,4
DA:55,4
DA:57,1
LF:38
LH:38
BRDA:15,0,0,4
BRDA:21,1,0,8
BRDA:22,2,0,7
BRDA:35,3,0,1
BRF:4
BRH:4
end_of_record
TN:
SF:src\components\layout\Header.tsx
FN:11,Header
FNF:1
FNH:1
FNDA:1,Header
DA:1,1
DA:2,1
DA:3,1
DA:4,1
DA:5,1
DA:6,1
DA:7,1
DA:8,1
DA:9,1
DA:11,1
DA:12,1
DA:13,1
DA:14,1
DA:15,1
DA:16,1
DA:17,1
DA:18,1
DA:19,1
DA:20,1
DA:21,1
DA:22,1
DA:23,1
DA:24,1
DA:25,1
DA:26,1
DA:27,1
DA:28,1
DA:29,1
DA:30,1
DA:31,1
DA:33,1
DA:34,1
DA:35,1
DA:36,1
DA:37,1
DA:38,1
DA:39,1
DA:40,1
DA:41,1
DA:42,1
DA:44,1
DA:46,1
DA:47,1
DA:48,1
DA:49,1
DA:50,1
DA:51,1
DA:52,1
DA:54,1
DA:56,1
LF:50
LH:50
BRDA:11,0,0,1
BRF:1
BRH:1
end_of_record
TN:
SF:src\components\layout\PageMenu.tsx
FN:15,PageMenu
FNF:1
FNH:1
FNDA:81,PageMenu
DA:1,1
DA:2,1
DA:15,1
DA:16,81
DA:17,81
DA:18,81
DA:19,81
DA:20,81
DA:22,81
DA:23,81
DA:24,81
DA:25,282
DA:26,282
DA:27,282
DA:28,282
DA:29,282
DA:30,282
DA:31,282
DA:33,282
DA:34,282
DA:35,282
DA:36,282
DA:37,282
DA:39,282
DA:40,282
DA:41,282
DA:43,81
DA:44,81
DA:45,81
DA:47,81
DA:49,1
LF:31
LH:31
BRDA:15,0,0,81
BRDA:24,1,0,282
BRDA:29,2,0,44
BRDA:29,3,0,238
BRDA:31,4,0,44
BRDA:31,5,0,238
BRF:6
BRH:6
end_of_record
TN:
SF:src\components\layout\PageTitle.tsx
FN:4,PageTitle
FNF:1
FNH:1
FNDA:87,PageTitle
DA:4,1
DA:5,87
DA:6,87
DA:8,1
LF:4
LH:4
BRDA:4,0,0,87
BRF:1
BRH:1
end_of_record
TN:
SF:src\components\layout\ScrollToTop.tsx
FN:6,ScrollToTop
FN:9,scrollToTop
FN:13,handleScroll
FNF:3
FNH:3
FNDA:4,ScrollToTop
FNDA:1,scrollToTop
FNDA:1,handleScroll
DA:1,1
DA:2,1
DA:3,1
DA:4,1
DA:6,1
DA:7,4
DA:9,4
DA:10,1
DA:11,1
DA:13,4
DA:14,1
DA:15,1
DA:16,1
DA:17,1
DA:19,4
DA:20,3
DA:21,3
DA:22,4
DA:24,4
DA:25,4
DA:26,1
DA:27,1
DA:28,1
DA:29,1
DA:30,1
DA:32,1
DA:33,1
DA:34,1
DA:35,1
DA:38,4
DA:40,1
LF:31
LH:31
BRDA:6,0,0,4
BRDA:25,1,0,1
BRDA:9,2,0,1
BRDA:13,3,0,1
BRDA:19,4,0,3
BRDA:21,5,0,3
BRF:6
BRH:6
end_of_record
TN:
SF:src\components\rec-resource\Photo.tsx
FN:7,Photo
FNF:1
FNH:1
FNDA:103,Photo
DA:7,1
DA:8,103
DA:9,103
DA:10,103
DA:11,103
DA:13,103
DA:15,1
LF:7
LH:7
BRDA:7,0,0,103
BRDA:10,1,0,0
BRF:2
BRH:1
end_of_record
TN:
SF:src\components\rec-resource\PhotoGallery.tsx
FN:29,ShowPhotosBtn
FN:30,handleClick
FN:50,PhotoGallery
FN:60,handleKeyDownOpen
FN:72,handleOpen
FN:97,close
FNF:6
FNH:5
FNDA:78,ShowPhotosBtn
FNDA:1,handleClick
FNDA:40,PhotoGallery
FNDA:2,handleKeyDownOpen
FNDA:1,handleOpen
FNDA:0,close
DA:1,1
DA:2,1
DA:3,1
DA:4,1
DA:5,1
DA:6,1
DA:7,1
DA:8,1
DA:9,1
DA:10,1
DA:11,1
DA:12,1
DA:13,1
DA:14,1
DA:16,1
DA:29,1
DA:30,78
DA:31,1
DA:32,1
DA:33,1
DA:34,78
DA:35,78
DA:36,78
DA:37,78
DA:38,78
DA:40,78
DA:41,78
DA:42,78
DA:44,78
DA:50,1
DA:51,40
DA:53,40
DA:54,65
DA:55,65
DA:56,65
DA:58,40
DA:60,40
DA:61,2
DA:62,2
DA:63,2
DA:64,2
DA:65,2
DA:66,2
DA:67,2
DA:68,2
DA:69,2
DA:70,2
DA:72,40
DA:73,1
DA:74,1
DA:75,1
DA:76,1
DA:77,1
DA:78,1
DA:79,1
DA:81,40
DA:82,65
DA:83,65
DA:84,65
DA:85,65
DA:86,40
DA:88,40
DA:89,40
DA:90,40
DA:91,39
DA:93,40
DA:94,40
DA:95,40
DA:96,40
DA:97,40
DA:98,40
DA:99,40
DA:100,40
DA:101,40
DA:102,40
DA:103,40
DA:105,40
DA:106,40
DA:107,39
DA:108,39
DA:109,39
DA:110,39
DA:111,39
DA:113,39
DA:114,32
DA:115,32
DA:116,32
DA:117,32
DA:119,32
DA:120,32
DA:121,32
DA:122,32
DA:123,32
DA:124,32
DA:125,32
DA:126,32
DA:127,32
DA:128,32
DA:129,32
DA:132,39
DA:133,1
DA:134,1
DA:135,1
DA:136,1
DA:138,1
DA:139,1
DA:140,1
DA:141,1
DA:142,1
DA:143,1
DA:144,1
DA:145,1
DA:146,1
DA:147,1
DA:148,1
DA:149,1
DA:150,1
DA:151,1
DA:152,1
DA:153,1
DA:154,1
DA:155,1
DA:158,39
DA:159,6
DA:160,6
DA:161,6
DA:162,6
DA:164,6
DA:165,6
DA:166,6
DA:167,6
DA:168,6
DA:169,6
DA:170,6
DA:171,6
DA:172,6
DA:173,6
DA:174,6
DA:175,6
DA:177,6
DA:178,6
DA:179,6
DA:180,6
DA:181,6
DA:182,6
DA:183,6
DA:184,24
DA:185,24
DA:186,24
DA:187,24
DA:188,24
DA:189,24
DA:190,24
DA:191,24
DA:193,6
DA:194,6
DA:195,6
DA:196,6
DA:197,6
DA:198,6
DA:199,6
DA:201,39
DA:203,40
DA:206,40
DA:207,40
DA:208,39
DA:209,39
DA:210,39
DA:211,39
DA:212,39
DA:214,39
DA:215,39
DA:216,39
DA:217,39
DA:218,39
DA:220,39
DA:221,39
DA:222,39
DA:223,39
DA:224,39
DA:225,39
DA:226,39
DA:227,39
DA:228,39
DA:229,39
DA:230,39
DA:231,39
DA:232,39
DA:233,39
DA:234,39
DA:235,39
DA:237,40
DA:238,40
DA:240,40
DA:242,1
LF:195
LH:195
BRDA:29,0,0,78
BRDA:30,1,0,1
BRDA:50,2,0,40
BRDA:90,3,0,39
BRDA:106,4,0,39
BRDA:113,5,0,32
BRDA:132,6,0,1
BRDA:158,7,0,6
BRDA:207,8,0,39
BRDA:53,9,0,65
BRDA:56,10,0,8
BRDA:60,11,0,2
BRDA:61,12,0,1
BRDA:72,13,0,1
BRDA:81,14,0,65
BRDA:83,15,0,8
BRDA:84,16,0,8
BRDA:166,17,0,30
BRDA:167,18,0,6
BRDA:182,19,0,30
BRDA:182,20,0,24
BRDA:183,21,0,24
BRF:22
BRH:22
end_of_record
TN:
SF:src\components\rec-resource\RecResourcePage.tsx
FN:33,RecResourcePage
FNF:1
FNH:1
FNDA:120,RecResourcePage
DA:1,1
DA:2,1
DA:3,1
DA:4,1
DA:5,1
DA:8,1
DA:18,1
DA:19,1
DA:20,1
DA:21,1
DA:22,1
DA:23,1
DA:24,1
DA:25,1
DA:30,1
DA:31,1
DA:33,1
DA:34,120
DA:35,120
DA:37,120
DA:39,120
DA:40,120
DA:41,120
DA:42,120
DA:44,120
DA:45,120
DA:46,120
DA:47,120
DA:48,120
DA:49,120
DA:50,120
DA:51,120
DA:56,120
DA:57,42
DA:58,31
DA:59,31
DA:60,31
DA:61,31
DA:62,31
DA:63,31
DA:64,31
DA:66,31
DA:67,62
DA:68,31
DA:69,31
DA:70,31
DA:71,31
DA:72,31
DA:74,31
DA:75,31
DA:76,31
DA:77,31
DA:78,120
DA:80,120
DA:81,120
DA:82,120
DA:83,120
DA:84,120
DA:85,120
DA:86,120
DA:87,120
DA:88,120
DA:89,120
DA:90,120
DA:91,120
DA:92,120
DA:93,120
DA:94,120
DA:95,120
DA:96,120
DA:97,120
DA:98,120
DA:99,120
DA:100,120
DA:101,120
DA:102,120
DA:104,120
DA:105,120
DA:106,120
DA:108,120
DA:109,120
DA:110,120
DA:111,120
DA:112,120
DA:113,120
DA:114,120
DA:115,120
DA:117,120
DA:118,120
DA:119,120
DA:120,120
DA:121,120
DA:122,120
DA:123,120
DA:125,120
DA:126,120
DA:127,120
DA:128,120
DA:129,120
DA:130,120
DA:131,42
DA:132,42
DA:133,39
DA:134,36
DA:136,120
DA:137,120
DA:138,40
DA:139,40
DA:140,40
DA:141,40
DA:142,40
DA:143,40
DA:144,40
DA:145,40
DA:146,40
DA:147,40
DA:148,120
DA:149,120
DA:150,120
DA:151,120
DA:152,120
DA:153,120
DA:154,120
DA:155,120
DA:156,120
DA:158,120
DA:159,120
DA:160,40
DA:161,40
DA:162,2
DA:163,2
DA:164,2
DA:165,40
DA:166,31
DA:167,31
DA:168,31
DA:169,40
DA:170,29
DA:171,29
DA:172,29
DA:173,40
DA:174,3
DA:175,3
DA:176,3
DA:177,40
DA:178,2
DA:179,2
DA:180,2
DA:181,40
DA:182,30
DA:183,30
DA:184,30
DA:185,40
DA:186,3
DA:187,3
DA:188,3
DA:189,40
DA:190,40
DA:191,40
DA:192,40
DA:193,40
DA:194,40
DA:195,40
DA:196,120
DA:197,120
DA:198,120
DA:199,120
DA:200,120
DA:201,120
DA:202,120
DA:203,120
DA:204,120
DA:205,120
DA:207,120
DA:208,120
DA:209,120
DA:210,120
DA:212,120
DA:214,120
DA:215,3
DA:216,3
DA:217,3
DA:218,3
DA:220,120
DA:221,120
DA:222,120
DA:223,120
DA:224,120
DA:226,120
DA:227,120
DA:228,120
DA:229,120
DA:230,120
DA:231,120
DA:232,120
DA:233,120
DA:234,120
DA:235,120
DA:236,120
DA:237,120
DA:238,120
DA:239,120
DA:240,120
DA:241,120
DA:242,120
DA:243,120
DA:244,120
DA:245,120
DA:246,120
DA:247,120
DA:248,120
DA:249,120
DA:250,120
DA:251,120
DA:252,90
DA:253,90
DA:254,90
DA:255,90
DA:257,120
DA:258,120
DA:259,120
DA:260,120
DA:261,120
DA:262,62
DA:263,62
DA:264,62
DA:266,120
DA:267,120
DA:268,120
DA:269,120
DA:270,120
DA:271,120
DA:272,120
DA:273,6
DA:274,6
DA:275,6
DA:276,6
DA:277,6
DA:280,120
DA:281,93
DA:282,93
DA:283,93
DA:284,93
DA:285,93
DA:288,120
DA:289,87
DA:290,87
DA:291,87
DA:292,87
DA:293,87
DA:296,120
DA:297,9
DA:298,9
DA:299,9
DA:300,9
DA:301,9
DA:302,9
DA:305,120
DA:306,6
DA:307,6
DA:308,6
DA:309,6
DA:310,6
DA:313,120
DA:314,90
DA:315,90
DA:316,90
DA:317,90
DA:320,120
DA:321,9
DA:322,9
DA:323,9
DA:324,9
DA:327,120
DA:328,120
DA:329,120
DA:330,120
DA:331,120
DA:332,120
DA:333,120
DA:334,120
DA:335,120
DA:336,120
DA:337,120
DA:338,120
DA:340,120
DA:342,1
LF:287
LH:287
BRDA:33,0,0,120
BRDA:102,1,0,3
BRDA:104,2,0,117
BRDA:117,3,0,93
BRDA:118,4,0,93
BRDA:120,5,0,114
BRDA:120,6,0,3
BRDA:122,7,0,9
BRDA:123,8,0,27
BRDA:126,9,0,9
BRDA:126,10,0,114
BRDA:126,11,0,3
BRDA:128,12,0,9
BRDA:128,13,0,9
BRDA:130,14,0,42
BRDA:131,15,0,42
BRDA:132,16,0,6
BRDA:132,17,0,39
BRDA:133,18,0,6
BRDA:133,19,0,36
BRDA:212,20,0,3
BRDA:214,21,0,3
BRDA:224,22,0,117
BRDA:224,23,0,3
BRDA:228,24,0,62
BRDA:228,25,0,58
BRDA:248,26,0,93
BRDA:251,27,0,90
BRDA:251,28,0,90
BRDA:261,29,0,62
BRDA:269,30,0,0
BRDA:272,31,0,6
BRDA:280,32,0,93
BRDA:288,33,0,87
BRDA:296,34,0,9
BRDA:305,35,0,6
BRDA:313,36,0,90
BRDA:320,37,0,9
BRDA:56,38,0,42
BRDA:57,39,0,41
BRDA:57,40,0,31
BRDA:59,41,0,31
BRDA:66,42,0,62
BRDA:67,43,0,31
BRDA:106,44,0,252
BRDA:137,45,0,40
BRDA:139,46,0,2
BRDA:139,47,0,38
BRDA:140,48,0,31
BRDA:140,49,0,9
BRDA:141,50,0,29
BRDA:141,51,0,11
BRDA:143,52,0,2
BRDA:143,53,0,38
BRDA:144,54,0,30
BRDA:144,55,0,10
BRDA:145,56,0,3
BRDA:145,57,0,37
BRDA:147,58,0,320
BRDA:159,59,0,40
BRDA:161,60,0,2
BRDA:165,61,0,31
BRDA:169,62,0,29
BRDA:173,63,0,3
BRDA:177,64,0,2
BRDA:181,65,0,30
BRDA:185,66,0,3
BRDA:194,67,0,320
BRDA:195,68,0,140
BRF:69
BRH:68
end_of_record
TN:
SF:src\components\rec-resource\RecreationResourceDocsList.tsx
FN:19,RecreationResourceDocsList
FN:26,renderDocDetails
FN:33,onClick
FNF:3
FNH:2
FNDA:5,RecreationResourceDocsList
FNDA:6,renderDocDetails
FNDA:0,onClick
DA:2,1
DA:17,1
DA:19,1
DA:20,5
DA:22,5
DA:23,1
DA:24,1
DA:26,4
DA:27,6
DA:28,6
DA:29,6
DA:30,6
DA:31,6
DA:32,6
DA:33,6
DA:34,0
DA:35,0
DA:36,0
DA:37,0
DA:38,0
DA:41,6
DA:42,6
DA:43,6
DA:44,6
DA:47,4
DA:48,4
LF:26
LH:21
BRDA:19,0,0,5
BRDA:22,1,0,1
BRDA:24,2,0,4
BRDA:26,3,0,6
BRDA:41,4,0,2
BRDA:41,5,0,4
BRF:6
BRH:6
end_of_record
TN:
SF:src\components\rec-resource\Status.tsx
FN:9,Status
FN:10,getStatusIcon
FNF:2
FNH:2
FNDA:63,Status
FNDA:63,getStatusIcon
DA:1,1
DA:2,1
DA:9,1
DA:10,63
DA:11,63
DA:12,63
DA:13,53
DA:14,63
DA:15,7
DA:16,63
DA:17,63
DA:19,63
DA:20,63
DA:21,60
DA:22,60
DA:23,60
DA:24,60
DA:25,60
DA:26,60
DA:27,60
DA:28,60
DA:29,60
DA:30,60
DA:32,60
DA:34,1
LF:25
LH:25
BRDA:9,0,0,63
BRDA:20,1,0,3
BRDA:20,2,0,60
BRDA:10,3,0,63
BRDA:12,4,0,53
BRDA:14,5,0,7
BRF:6
BRH:6
end_of_record
TN:
SF:src\components\rec-resource\enum.ts
FNF:0
FNH:0
DA:1,1
DA:2,1
DA:3,1
DA:4,1
DA:5,1
DA:6,1
DA:7,1
DA:8,1
DA:9,1
DA:12,1
DA:13,1
DA:14,1
DA:15,1
DA:16,1
DA:17,1
DA:18,1
DA:19,1
DA:20,1
LF:18
LH:18
BRDA:1,0,0,14
BRDA:12,1,0,14
BRF:2
BRH:2
end_of_record
TN:
SF:src\components\rec-resource\index.ts
FN:1,(empty-report)
FNF:1
FNH:0
FNDA:0,(empty-report)
DA:1,0
DA:2,0
DA:3,0
DA:4,0
LF:4
LH:0
BRDA:1,0,0,0
BRF:1
BRH:0
end_of_record
TN:
SF:src\components\rec-resource\types.ts
FN:1,(empty-report)
FNF:1
FNH:1
FNDA:1,(empty-report)
LF:0
LH:0
BRDA:1,0,0,1
BRF:1
BRH:1
end_of_record
TN:
SF:src\components\rec-resource\RecreationResourceMap\RecreationResourceMap.tsx
FN:14,RecreationResourceMap
FNF:1
FNH:1
FNDA:6,RecreationResourceMap
DA:1,1
DA:2,1
DA:3,1
DA:14,1
DA:15,6
DA:16,6
DA:17,6
DA:18,6
DA:19,6
DA:20,6
DA:21,6
DA:23,6
DA:24,6
DA:25,6
DA:26,6
DA:28,6
DA:29,2
DA:30,2
DA:32,4
DA:33,4
DA:34,4
DA:35,4
DA:36,4
DA:37,4
DA:39,4
LF:25
LH:25
BRDA:14,0,0,6
BRDA:28,1,0,5
BRDA:28,2,0,2
BRDA:30,3,0,4
BRDA:19,4,0,5
BRDA:24,5,0,5
BRF:6
BRH:6
end_of_record
TN:
SF:src\components\rec-resource\RecreationResourceMap\constants.ts
FNF:0
FNH:0
DA:1,1
DA:3,1
DA:4,1
DA:5,1
DA:6,1
DA:8,1
DA:9,1
DA:10,1
DA:11,1
DA:12,1
DA:13,1
DA:14,1
DA:16,1
DA:17,1
DA:18,1
DA:19,1
DA:20,1
DA:21,1
DA:22,1
DA:23,1
DA:24,1
DA:25,1
LF:22
LH:22
BRF:0
BRH:0
end_of_record
TN:
SF:src\components\rec-resource\RecreationResourceMap\index.ts
FNF:0
FNH:0
DA:1,1
LF:1
LH:1
BRF:0
BRH:0
end_of_record
TN:
SF:src\components\rec-resource\RecreationResourceMap\helpers\getLayerStyleForRecResource.ts
FN:23,getLayerStyleForRecResource
FNF:1
FNH:1
FNDA:4,getLayerStyleForRecResource
DA:4,1
DA:5,1
DA:10,1
DA:23,1
DA:24,4
DA:25,4
DA:26,4
DA:27,4
DA:29,4
DA:30,4
DA:31,4
DA:32,4
DA:33,4
DA:36,4
DA:38,4
DA:39,4
DA:40,4
DA:41,4
DA:42,4
DA:43,3
DA:44,1
DA:45,4
DA:46,4
DA:47,4
LF:24
LH:24
BRDA:23,0,0,4
BRDA:26,1,0,0
BRDA:29,2,0,4
BRDA:36,3,0,2
BRDA:36,4,0,2
BRDA:42,5,0,3
BRDA:43,6,0,1
BRF:7
BRH:6
end_of_record
TN:
SF:src\components\rec-resource\RecreationResourceMap\helpers\getMapFeaturesFromRecResource.ts
FN:15,getMapFeaturesFromRecResource
FNF:1
FNH:1
FNDA:5,getMapFeaturesFromRecResource
DA:2,1
DA:3,1
DA:15,1
DA:16,5
DA:17,5
DA:18,5
DA:19,1
DA:20,1
DA:23,4
DA:24,4
DA:25,4
DA:26,4
DA:28,4
DA:30,4
DA:31,4
DA:32,3
DA:33,4
DA:34,4
DA:35,2
DA:36,2
DA:37,5
DA:38,5
LF:22
LH:22
BRDA:15,0,0,5
BRDA:18,1,0,1
BRDA:20,2,0,4
BRDA:34,3,0,2
BRDA:35,4,0,2
BRDA:31,5,0,3
BRF:6
BRH:6
end_of_record
TN:
SF:src\components\rec-resource\RecreationResourceMap\helpers\index.ts
FNF:0
FNH:0
DA:1,1
DA:2,1
LF:2
LH:2
BRF:0
BRH:0
end_of_record
TN:
SF:src\components\rec-resource\RecreationResourceMap\helpers\layerStyleHelpers.ts
FN:10,createImageStyle
FN:15,createStrokeStyle
FN:22,createFillStyle
FN:25,createTextStyle
FNF:4
FNH:4
FNDA:2,createImageStyle
FNDA:2,createStrokeStyle
FNDA:2,createFillStyle
FNDA:2,createTextStyle
DA:1,1
DA:2,1
DA:3,1
DA:8,1
DA:10,1
DA:11,2
DA:12,1
DA:13,1
DA:15,1
DA:16,2
DA:17,2
DA:18,2
DA:19,2
DA:20,2
DA:22,1
DA:23,2
DA:25,1
DA:26,2
DA:27,2
DA:28,2
DA:30,2
DA:31,2
DA:32,2
DA:33,2
DA:34,2
DA:35,2
DA:36,2
DA:37,2
DA:38,2
DA:39,2
DA:40,2
DA:41,2
DA:42,2
DA:43,2
LF:34
LH:34
BRDA:10,0,0,2
BRDA:11,1,0,1
BRDA:12,2,0,1
BRDA:15,3,0,2
BRDA:19,4,0,1
BRDA:19,5,0,1
BRDA:22,6,0,2
BRDA:23,7,0,1
BRDA:23,8,0,1
BRDA:25,9,0,2
BRDA:32,10,0,1
BRDA:32,11,0,1
BRDA:35,12,0,1
BRDA:35,13,0,1
BRDA:36,14,0,1
BRDA:36,15,0,1
BRDA:38,16,0,1
BRDA:38,17,0,1
BRF:18
BRH:18
end_of_record
TN:
SF:src\components\rec-resource\card\Activities.tsx
FN:10,Activities
FNF:1
FNH:1
FNDA:2,Activities
DA:1,1
DA:4,1
DA:10,1
DA:11,2
DA:12,2
DA:13,2
DA:14,10
DA:15,10
DA:16,10
DA:17,8
DA:18,8
DA:19,8
DA:20,8
DA:21,8
DA:22,8
DA:23,8
DA:24,8
DA:25,8
DA:27,2
DA:28,2
DA:30,2
DA:32,1
LF:22
LH:22
BRDA:10,0,0,2
BRDA:13,1,0,10
BRDA:16,2,0,2
BRDA:16,3,0,8
BRF:4
BRH:4
end_of_record
TN:
SF:src\components\rec-resource\card\CardCarousel.tsx
FN:16,CardCarousel
FN:20,handleSelect
FN:24,handleKeyDown
FN:70,onFocus
FN:71,onBlur
FN:72,onKeyDown
FNF:6
FNH:4
FNDA:6,CardCarousel
FNDA:1,handleSelect
FNDA:2,handleKeyDown
FNDA:0,onFocus
FNDA:0,onBlur
FNDA:2,onKeyDown
DA:1,1
DA:2,1
DA:3,1
DA:4,1
DA:5,1
DA:16,1
DA:17,6
DA:18,6
DA:20,6
DA:21,1
DA:22,1
DA:24,6
DA:25,2
DA:26,2
DA:27,2
DA:28,2
DA:29,1
DA:30,1
DA:31,1
DA:32,1
DA:33,2
DA:35,6
DA:36,6
DA:37,6
DA:38,6
DA:39,6
DA:40,6
DA:41,6
DA:42,6
DA:43,6
DA:44,6
DA:45,6
DA:46,6
DA:47,6
DA:49,6
DA:50,6
DA:51,6
DA:52,6
DA:53,6
DA:54,6
DA:55,6
DA:56,6
DA:58,6
DA:59,6
DA:60,6
DA:61,6
DA:63,6
DA:64,15
DA:65,15
DA:66,15
DA:67,15
DA:68,15
DA:69,15
DA:70,15
DA:71,15
DA:72,15
DA:73,15
DA:75,15
DA:76,15
DA:77,15
DA:78,15
DA:79,15
DA:80,15
DA:81,15
DA:82,15
DA:83,15
DA:84,15
DA:85,15
DA:86,15
DA:87,15
DA:89,6
DA:90,6
DA:91,6
DA:93,6
DA:95,1
LF:75
LH:75
BRDA:16,0,0,6
BRDA:20,1,0,1
BRDA:24,2,0,2
BRDA:28,3,0,1
BRDA:29,4,0,1
BRDA:31,5,0,1
BRDA:63,6,0,15
BRDA:72,7,0,2
BRF:8
BRH:8
end_of_record
TN:
SF:src\components\rec-resource\card\RecResourceCard.tsx
FN:15,RecResourceCard
FNF:1
FNH:1
FNDA:5,RecResourceCard
DA:1,1
DA:2,1
DA:3,1
DA:4,1
DA:5,1
DA:6,1
DA:7,1
DA:8,1
DA:15,1
DA:16,5
DA:17,5
DA:18,5
DA:19,5
DA:20,5
DA:21,5
DA:22,5
DA:23,5
DA:24,5
DA:25,5
DA:27,5
DA:28,5
DA:29,5
DA:31,5
DA:32,5
DA:33,5
DA:34,5
DA:35,5
DA:37,5
DA:38,5
DA:39,5
DA:40,5
DA:41,5
DA:42,5
DA:43,5
DA:44,5
DA:45,5
DA:46,5
DA:47,5
DA:48,5
DA:49,5
DA:50,5
DA:52,5
DA:53,5
DA:54,5
DA:55,5
DA:56,5
DA:57,4
DA:58,4
DA:60,4
DA:61,4
DA:62,4
DA:63,4
DA:64,4
DA:66,5
DA:67,5
DA:68,5
DA:69,5
DA:70,5
DA:71,5
DA:72,5
DA:73,5
DA:75,5
DA:77,1
LF:63
LH:63
BRDA:15,0,0,5
BRDA:38,1,0,4
BRDA:38,2,0,1
BRDA:56,3,0,4
BRDA:69,4,0,4
BRF:5
BRH:5
end_of_record
TN:
SF:src\components\rec-resource\card\constants.ts
FNF:0
FNH:0
DA:3,1
DA:4,1
LF:2
LH:2
BRF:0
BRH:0
end_of_record
TN:
SF:src\components\rec-resource\card\helpers.ts
FN:10,getImageList
FNF:1
FNH:1
FNDA:3,getImageList
DA:2,1
DA:10,1
DA:11,3
DA:12,3
DA:13,3
DA:14,3
DA:15,3
DA:16,3
DA:17,3
DA:18,3
DA:19,4
DA:20,3
DA:21,3
DA:22,3
DA:24,3
LF:15
LH:15
BRDA:10,0,0,3
BRDA:22,1,0,0
BRDA:15,2,0,3
BRDA:21,3,0,0
BRDA:18,4,0,4
BRDA:21,5,0,2
BRF:6
BRH:4
end_of_record
TN:
SF:src\components\rec-resource\section\AdditionalFees.tsx
FNF:0
FNH:0
DA:1,1
DA:2,1
DA:3,1
DA:11,1
DA:12,1
DA:13,5
DA:14,5
DA:15,5
DA:16,5
DA:17,5
DA:19,5
DA:20,1
DA:22,1
LF:13
LH:13
BRDA:12,0,0,5
BRF:1
BRH:1
end_of_record
TN:
SF:src\components\rec-resource\section\Camping.tsx
FNF:0
FNH:0
DA:1,1
DA:2,1
DA:3,1
DA:12,1
DA:13,1
DA:14,6
DA:15,6
DA:16,6
DA:18,6
DA:19,1
DA:20,1
DA:21,1
DA:22,1
DA:23,5
DA:25,6
DA:26,6
DA:28,6
DA:29,1
DA:31,1
LF:19
LH:19
BRDA:13,0,0,6
BRDA:18,1,0,1
BRDA:22,2,0,5
BRDA:25,3,0,1
BRF:4
BRH:4
end_of_record
TN:
SF:src\components\rec-resource\section\Closures.tsx
FNF:0
FNH:0
DA:1,1
DA:2,1
DA:3,1
DA:4,1
DA:11,1
DA:12,1
DA:13,8
DA:14,6
DA:15,6
DA:16,6
DA:17,6
DA:18,6
DA:19,6
DA:20,6
DA:22,6
DA:23,6
DA:24,6
DA:25,6
DA:27,8
DA:28,1
DA:30,1
LF:21
LH:21
BRDA:12,0,0,8
BRDA:13,1,0,7
BRDA:13,2,0,6
BRDA:13,3,0,2
BRF:4
BRH:4
end_of_record
TN:
SF:src\components\rec-resource\section\Contact.tsx
FN:19,callRefetch
FN:69,onClick
FNF:2
FNH:2
FNDA:1,callRefetch
FNDA:1,onClick
DA:1,1
DA:2,1
DA:3,1
DA:13,1
DA:14,1
DA:15,86
DA:16,86
DA:17,86
DA:19,86
DA:20,1
DA:21,1
DA:23,86
DA:24,86
DA:25,86
DA:26,86
DA:27,86
DA:28,86
DA:29,86
DA:30,86
DA:33,86
DA:34,86
DA:35,86
DA:38,86
DA:39,86
DA:40,86
DA:41,86
DA:42,86
DA:43,86
DA:44,86
DA:45,81
DA:46,81
DA:47,81
DA:48,81
DA:49,81
DA:50,1
DA:52,80
DA:54,81
DA:55,81
DA:56,81
DA:58,86
DA:59,5
DA:60,2
DA:61,2
DA:62,2
DA:63,2
DA:64,2
DA:65,2
DA:66,2
DA:67,2
DA:68,2
DA:69,2
DA:71,2
DA:72,2
DA:73,2
DA:74,2
DA:76,86
DA:77,86
DA:78,86
DA:79,86
DA:81,86
DA:82,1
DA:84,1
LF:62
LH:62
BRDA:14,0,0,86
BRDA:15,1,0,82
BRDA:44,2,0,81
BRDA:49,3,0,1
BRDA:50,4,0,80
BRDA:58,5,0,5
BRDA:58,6,0,5
BRDA:59,7,0,2
BRDA:60,8,0,2
BRDA:17,9,0,246
BRDA:19,10,0,1
BRDA:69,11,0,1
BRF:12
BRH:12
end_of_record
TN:
SF:src\components\rec-resource\section\Facilities.tsx
FNF:0
FNH:0
DA:1,1
DA:2,1
DA:3,1
DA:4,1
DA:13,1
DA:14,1
DA:15,10
DA:16,10
DA:17,10
DA:18,10
DA:19,10
DA:20,10
DA:21,10
DA:22,10
DA:23,10
DA:24,10
DA:25,10
DA:26,10
DA:28,10
DA:30,9
DA:31,9
DA:32,9
DA:33,9
DA:34,9
DA:35,15
DA:36,15
DA:37,15
DA:38,15
DA:39,15
DA:40,15
DA:41,15
DA:42,15
DA:43,15
DA:44,15
DA:46,15
DA:47,15
DA:49,9
DA:50,9
DA:51,9
DA:53,10
DA:54,1
DA:56,1
LF:42
LH:42
BRDA:14,0,0,10
BRDA:28,1,0,1
BRDA:28,2,0,9
BRDA:26,3,0,20
BRDA:34,4,0,15
BRF:5
BRH:5
end_of_record
TN:
SF:src\components\rec-resource\section\MapsAndLocation.tsx
FNF:0
FNH:0
DA:1,1
DA:2,1
DA:3,1
DA:5,1
DA:6,1
DA:13,1
DA:14,1
DA:15,6
DA:16,6
DA:17,6
DA:18,6
DA:19,6
DA:20,6
DA:22,6
DA:24,6
DA:25,5
DA:26,5
DA:27,5
DA:30,6
DA:31,6
DA:32,6
DA:33,6
DA:34,6
DA:35,6
DA:36,6
DA:37,6
DA:39,6
DA:40,5
DA:41,5
DA:42,5
DA:43,5
DA:46,6
DA:47,3
DA:48,3
DA:49,3
DA:50,3
DA:51,5
DA:52,3
DA:53,3
DA:54,3
DA:56,6
DA:58,6
DA:59,1
DA:61,1
LF:44
LH:44
BRDA:14,0,0,6
BRDA:15,1,0,1
BRDA:24,2,0,5
BRDA:39,3,0,5
BRDA:46,4,0,3
BRDA:46,5,0,3
BRDA:48,6,0,2
BRDA:50,7,0,5
BRF:8
BRH:8
end_of_record
TN:
SF:src\components\rec-resource\section\RecreationFee.tsx
FN:16,RecreationFee
FN:17,formatDate
FN:29,formatDays
FNF:3
FNH:3
FNDA:10,RecreationFee
FNDA:18,formatDate
FNDA:9,formatDays
DA:1,1
DA:8,1
DA:9,1
DA:10,1
DA:11,1
DA:12,1
DA:13,1
DA:14,1
DA:16,1
DA:17,10
DA:18,18
DA:19,16
DA:20,16
DA:21,16
DA:22,16
DA:23,16
DA:24,16
DA:25,16
DA:26,16
DA:27,18
DA:29,10
DA:30,9
DA:31,9
DA:32,9
DA:33,9
DA:34,9
DA:35,9
DA:36,9
DA:37,9
DA:38,9
DA:40,9
DA:41,63
DA:42,63
DA:43,9
DA:45,9
DA:46,7
DA:47,2
DA:48,9
DA:50,10
DA:51,1
DA:52,1
DA:54,9
DA:55,9
DA:56,9
DA:57,9
DA:58,9
DA:59,9
DA:60,9
DA:61,9
DA:62,9
DA:63,9
DA:65,9
DA:66,9
DA:67,9
DA:68,9
DA:69,9
DA:70,9
DA:71,9
DA:72,9
DA:73,9
DA:74,9
DA:76,9
DA:78,1
LF:63
LH:63
BRDA:16,0,0,10
BRDA:50,1,0,1
BRDA:52,2,0,9
BRDA:17,3,0,18
BRDA:18,4,0,2
BRDA:18,5,0,16
BRDA:29,6,0,9
BRDA:45,7,0,7
BRDA:46,8,0,2
BRDA:40,9,0,63
BRDA:47,10,0,6
BRDA:56,11,0,9
BRDA:60,12,0,1
BRF:13
BRH:13
end_of_record
TN:
SF:src\components\rec-resource\section\SiteDescription.tsx
FN:11,getMaintenanceDescription
FNF:1
FNH:1
FNDA:3,getMaintenanceDescription
DA:1,1
DA:2,1
DA:4,1
DA:11,1
DA:12,3
DA:13,3
DA:14,3
DA:15,3
DA:16,1
DA:17,3
DA:18,1
DA:19,3
DA:20,1
DA:21,3
DA:22,3
DA:24,1
DA:25,1
DA:26,69
DA:28,68
DA:29,69
DA:31,69
DA:32,69
DA:33,69
DA:34,69
DA:35,69
DA:37,69
DA:38,69
DA:40,69
DA:41,2
DA:42,2
DA:43,2
DA:44,2
DA:46,69
DA:48,69
DA:49,1
DA:51,1
LF:36
LH:36
BRDA:11,0,0,3
BRDA:15,1,0,1
BRDA:17,2,0,1
BRDA:19,3,0,1
BRDA:25,4,0,69
BRDA:26,5,0,3
BRDA:26,6,0,1
BRDA:26,7,0,68
BRDA:29,8,0,3
BRDA:38,9,0,66
BRDA:40,10,0,2
BRF:11
BRH:11
end_of_record
TN:
SF:src\components\rec-resource\section\ThingsToDo.tsx
FNF:0
FNH:0
DA:1,1
DA:2,1
DA:4,1
DA:5,1
DA:11,1
DA:12,1
DA:13,68
DA:14,68
DA:15,68
DA:16,68
DA:17,68
DA:18,100
DA:19,100
DA:20,100
DA:21,92
DA:22,92
DA:23,92
DA:24,92
DA:25,92
DA:26,92
DA:27,92
DA:28,92
DA:29,92
DA:30,92
DA:32,68
DA:33,68
DA:34,68
DA:36,68
DA:37,1
DA:39,1
LF:30
LH:30
BRDA:12,0,0,68
BRDA:17,1,0,100
BRDA:20,2,0,8
BRDA:20,3,0,92
BRF:4
BRH:4
end_of_record
TN:
SF:src\components\rec-resource\section\index.ts
FNF:0
FNH:0
DA:1,1
DA:2,1
DA:3,1
DA:4,1
DA:5,1
DA:6,1
DA:7,1
DA:8,1
DA:9,1
LF:9
LH:9
BRF:0
BRH:0
end_of_record
TN:
SF:src\components\recreation-search-form\RecreationSearchForm.tsx
FN:27,RecreationSearchForm
FN:40,handleFormSubmit
FN:68,onChange
FNF:3
FNH:3
FNDA:22,RecreationSearchForm
FNDA:1,handleFormSubmit
FNDA:1,onChange
DA:1,1
DA:2,1
DA:11,1
DA:12,1
DA:13,1
DA:14,1
DA:15,1
DA:16,1
DA:27,1
DA:28,22
DA:29,22
DA:30,22
DA:31,22
DA:32,22
DA:33,22
DA:34,22
DA:35,22
DA:36,22
DA:37,22
DA:38,22
DA:40,22
DA:41,1
DA:42,1
DA:43,1
DA:44,1
DA:45,1
DA:46,1
DA:47,1
DA:49,22
DA:50,19
DA:51,8
DA:52,8
DA:53,22
DA:55,22
DA:56,22
DA:57,22
DA:58,22
DA:59,22
DA:61,22
DA:62,22
DA:63,22
DA:64,22
DA:65,22
DA:66,22
DA:67,22
DA:68,22
DA:69,22
DA:70,22
DA:71,22
DA:72,22
DA:73,22
DA:74,1
DA:76,22
DA:77,14
DA:78,14
DA:79,14
DA:80,14
DA:81,14
DA:83,14
DA:84,14
DA:86,22
DA:87,22
DA:88,22
DA:89,22
DA:90,22
DA:91,22
DA:92,22
DA:94,22
DA:95,22
DA:96,22
DA:97,22
DA:98,22
DA:100,22
LF:73
LH:73
BRDA:27,0,0,22
BRDA:70,1,0,1
BRDA:70,2,0,21
BRDA:73,3,0,1
BRDA:76,4,0,14
BRDA:92,5,0,15
BRDA:40,6,0,1
BRDA:49,7,0,19
BRDA:50,8,0,8
BRDA:68,9,0,1
BRF:10
BRH:10
end_of_record
TN:
SF:src\components\recreation-search-form\index.ts
FNF:0
FNH:0
DA:1,1
LF:1
LH:1
BRF:0
BRH:0
end_of_record
TN:
SF:src\components\recreation-search-form\useSearchInput.ts
FN:22,useSearchInput
FN:31,handleSearch
FN:42,handleClear
FNF:3
FNH:3
FNDA:23,useSearchInput
FNDA:1,handleSearch
FNDA:1,handleClear
DA:1,1
DA:2,1
DA:7,1
DA:20,1
DA:22,1
DA:23,23
DA:24,23
DA:25,23
DA:26,23
DA:27,23
DA:28,23
DA:29,23
DA:31,23
DA:32,1
DA:33,1
DA:34,1
DA:36,1
DA:37,1
DA:38,1
DA:39,1
DA:40,1
DA:42,23
DA:43,1
DA:44,1
DA:45,1
DA:46,1
DA:47,1
DA:49,23
DA:50,23
DA:51,23
DA:52,23
DA:53,23
DA:54,23
DA:55,23
LF:34
LH:34
BRDA:22,0,0,23
BRDA:27,1,0,20
BRDA:27,2,0,8
BRDA:31,3,0,1
BRDA:42,4,0,1
BRF:5
BRH:5
end_of_record
TN:
SF:src\components\search\NoResults.tsx
FN:7,NoResults
FN:11,handleClear
FNF:2
FNH:2
FNDA:8,NoResults
FNDA:2,handleClear
DA:1,1
DA:2,1
DA:3,1
DA:4,1
DA:5,1
DA:7,1
DA:8,8
DA:9,8
DA:11,8
DA:12,2
DA:13,2
DA:14,2
DA:16,8
DA:17,8
DA:18,8
DA:19,8
DA:20,8
DA:21,8
DA:22,8
DA:23,8
DA:24,8
DA:25,8
DA:26,8
DA:27,8
DA:28,8
DA:29,8
DA:30,8
DA:31,8
DA:34,8
DA:35,8
DA:36,8
DA:37,8
DA:38,8
DA:39,8
DA:41,8
DA:42,8
DA:43,8
DA:44,8
DA:47,8
DA:48,8
DA:50,8
DA:52,1
LF:42
LH:42
BRDA:7,0,0,8
BRDA:11,1,0,2
BRDA:13,2,0,1
BRF:3
BRH:3
end_of_record
TN:
SF:src\components\search\SearchBanner.tsx
FN:5,SearchBanner
FNF:1
FNH:1
FNDA:15,SearchBanner
DA:1,1
DA:2,1
DA:3,1
DA:5,1
DA:6,15
DA:7,15
DA:8,15
DA:9,15
DA:11,15
DA:12,15
DA:13,15
DA:15,15
DA:16,15
DA:17,15
DA:18,15
DA:19,15
DA:20,15
DA:21,15
DA:22,15
DA:24,15
DA:26,1
LF:21
LH:21
BRDA:5,0,0,15
BRF:1
BRH:1
end_of_record
TN:
SF:src\components\search\SearchPage.tsx
FN:23,SearchPage
FN:68,handleLoadMore
FN:93,handleLoadPrevious
FN:102,handleOpenMobileFilter
FNF:4
FNH:4
FNDA:14,SearchPage
FNDA:1,handleLoadMore
FNDA:1,handleLoadPrevious
FNDA:1,handleOpenMobileFilter
DA:1,1
DA:2,1
DA:3,1
DA:4,1
DA:5,1
DA:6,1
DA:7,1
DA:8,1
DA:9,1
DA:10,1
DA:11,1
DA:12,1
DA:13,1
DA:14,1
DA:19,1
DA:20,1
DA:21,1
DA:23,1
DA:24,14
DA:25,14
DA:27,14
DA:29,14
DA:30,14
DA:31,14
DA:32,14
DA:33,14
DA:34,14
DA:35,14
DA:36,14
DA:37,14
DA:38,14
DA:39,14
DA:40,14
DA:41,14
DA:42,14
DA:43,14
DA:44,14
DA:45,14
DA:46,14
DA:47,14
DA:49,14
DA:50,14
DA:52,14
DA:53,11
DA:54,14
DA:56,14
DA:57,13
DA:58,14
DA:60,14
DA:68,14
DA:70,1
DA:71,1
DA:72,1
DA:74,1
DA:75,1
DA:76,1
DA:77,1
DA:78,1
DA:80,1
DA:83,1
DA:84,1
DA:85,1
DA:86,1
DA:87,1
DA:88,1
DA:89,1
DA:90,1
DA:91,1
DA:93,14
DA:94,1
DA:95,1
DA:96,1
DA:97,1
DA:98,1
DA:99,1
DA:100,1
DA:102,14
DA:103,1
DA:104,1
DA:105,1
DA:106,1
DA:107,1
DA:108,1
DA:109,1
DA:111,14
DA:112,14
DA:114,14
DA:115,14
DA:116,14
DA:117,14
DA:118,14
DA:119,14
DA:121,14
DA:122,14
DA:123,14
DA:124,14
DA:125,14
DA:126,14
DA:127,14
DA:128,14
DA:130,14
DA:131,14
DA:132,14
DA:133,14
DA:134,14
DA:135,14
DA:137,14
DA:139,14
DA:140,14
DA:141,2
DA:143,12
DA:144,12
DA:145,12
DA:146,12
DA:147,12
DA:148,12
DA:149,12
DA:150,10
DA:151,10
DA:152,10
DA:153,10
DA:154,10
DA:155,10
DA:157,12
DA:158,12
DA:159,12
DA:160,6
DA:162,12
DA:164,14
DA:166,14
DA:167,2
DA:169,12
DA:170,12
DA:171,1
DA:172,1
DA:173,1
DA:174,1
DA:175,1
DA:176,1
DA:178,1
DA:180,12
DA:181,12
DA:182,12
DA:183,7
DA:184,7
DA:185,7
DA:186,7
DA:187,7
DA:188,7
DA:190,7
DA:191,12
DA:192,12
DA:193,12
DA:194,12
DA:195,12
DA:196,12
DA:197,12
DA:198,12
DA:199,12
DA:201,12
DA:203,12
DA:205,14
DA:206,14
DA:207,14
DA:208,14
DA:210,14
DA:212,1
LF:167
LH:167
BRDA:23,0,0,14
BRDA:40,1,0,2
BRDA:112,2,0,2
BRDA:112,3,0,2
BRDA:140,4,0,2
BRDA:141,5,0,12
BRDA:146,6,0,7
BRDA:148,7,0,5
BRDA:148,8,0,7
BRDA:149,9,0,10
BRDA:159,10,0,11
BRDA:159,11,0,6
BRDA:166,12,0,2
BRDA:166,13,0,2
BRDA:166,14,0,2
BRDA:167,15,0,12
BRDA:170,16,0,1
BRDA:181,17,0,7
BRDA:52,18,0,11
BRDA:56,19,0,13
BRDA:68,20,0,1
BRDA:76,21,0,0
BRDA:83,22,0,1
BRDA:93,23,0,1
BRDA:102,24,0,1
BRDA:182,25,0,7
BRDA:184,26,0,7
BRF:27
BRH:26
end_of_record
TN:
SF:src\components\search\types.ts
FN:1,(empty-report)
FNF:1
FNH:1
FNDA:1,(empty-report)
LF:0
LH:0
BRDA:1,0,0,1
BRF:1
BRH:1
end_of_record
TN:
SF:src\components\search\filters\FilterChip.tsx
FN:7,FilterChip
FN:9,handleFilterDelete
FNF:2
FNH:2
FNDA:11,FilterChip
FNDA:2,handleFilterDelete
DA:1,1
DA:2,1
DA:3,1
DA:5,1
DA:7,1
DA:8,11
DA:9,11
DA:10,2
DA:11,2
DA:13,11
DA:14,11
DA:15,11
DA:16,11
DA:17,11
DA:19,11
DA:21,1
LF:16
LH:16
BRDA:7,0,0,11
BRDA:9,1,0,2
BRF:2
BRH:2
end_of_record
TN:
SF:src\components\search\filters\FilterChips.tsx
FN:7,FilterChips
FNF:1
FNH:1
FNDA:16,FilterChips
DA:1,1
DA:2,1
DA:3,1
DA:4,1
DA:5,1
DA:7,1
DA:8,16
DA:10,16
DA:11,16
DA:13,16
DA:14,16
DA:15,16
DA:16,9
DA:17,9
DA:18,16
DA:19,16
DA:20,3
DA:21,3
DA:22,3
DA:23,3
DA:24,3
DA:26,3
DA:28,16
DA:30,16
DA:32,1
LF:25
LH:25
BRDA:7,0,0,16
BRDA:19,1,0,3
BRDA:15,2,0,9
BRF:3
BRH:3
end_of_record
TN:
SF:src\components\search\filters\FilterGroup.tsx
FN:19,FilterGroup
FN:29,handleChange
FN:63,onChange
FN:71,onClick
FN:72,onKeyDown
FNF:5
FNH:5
FNDA:23,FilterGroup
FNDA:4,handleChange
FNDA:4,onChange
FNDA:1,onClick
FNDA:2,onKeyDown
DA:1,1
DA:2,1
DA:3,1
DA:4,1
DA:5,1
DA:6,1
DA:8,1
DA:17,1
DA:19,1
DA:20,23
DA:21,23
DA:22,23
DA:23,23
DA:24,23
DA:25,23
DA:26,23
DA:27,23
DA:29,23
DA:30,4
DA:31,4
DA:32,4
DA:33,4
DA:34,4
DA:35,4
DA:37,23
DA:38,23
DA:39,23
DA:40,23
DA:41,2
DA:42,21
DA:43,23
DA:44,23
DA:46,23
DA:47,23
DA:48,23
DA:49,23
DA:50,23
DA:51,88
DA:52,88
DA:53,88
DA:55,88
DA:56,88
DA:57,88
DA:58,88
DA:59,88
DA:60,88
DA:61,88
DA:62,88
DA:63,88
DA:64,88
DA:66,23
DA:67,23
DA:68,23
DA:69,4
DA:70,4
DA:71,4
DA:72,4
DA:73,2
DA:74,2
DA:75,2
DA:76,2
DA:77,2
DA:79,4
DA:80,2
DA:82,2
DA:83,2
DA:85,2
DA:86,2
DA:87,2
DA:88,2
DA:90,4
DA:92,23
DA:94,23
DA:96,1
LF:74
LH:74
BRDA:19,0,0,23
BRDA:39,1,0,4
BRDA:39,2,0,2
BRDA:40,3,0,2
BRDA:41,4,0,21
BRDA:43,5,0,0
BRDA:44,6,0,8
BRDA:68,7,0,4
BRDA:79,8,0,2
BRDA:83,9,0,2
BRDA:29,10,0,4
BRDA:50,11,0,88
BRDA:52,12,0,0
BRDA:63,13,0,4
BRDA:71,14,0,1
BRDA:72,15,0,2
BRDA:73,16,0,1
BRF:17
BRH:15
end_of_record
TN:
SF:src\components\search\filters\FilterGroupMobile.tsx
FN:16,FilterGroupMobile
FN:24,handleOpen
FNF:2
FNH:2
FNDA:13,FilterGroupMobile
FNDA:1,handleOpen
DA:1,1
DA:2,1
DA:3,1
DA:4,1
DA:6,1
DA:16,1
DA:17,13
DA:18,13
DA:19,13
DA:20,13
DA:21,13
DA:22,13
DA:23,13
DA:24,13
DA:25,13
DA:26,13
DA:27,13
DA:28,13
DA:29,13
DA:30,13
DA:31,13
DA:33,13
DA:34,13
DA:35,1
DA:36,1
DA:37,1
DA:38,1
DA:39,1
DA:41,12
DA:42,12
DA:43,12
DA:44,12
DA:45,12
DA:47,13
DA:49,13
DA:50,13
DA:51,13
DA:52,13
DA:53,13
DA:54,13
DA:56,13
DA:58,1
LF:42
LH:42
BRDA:16,0,0,13
BRDA:34,1,0,1
BRDA:39,2,0,12
BRDA:24,3,0,1
BRF:4
BRH:4
end_of_record
TN:
SF:src\components\search\filters\FilterMenu.tsx
FN:7,FilterMenu
FNF:1
FNH:1
FNDA:15,FilterMenu
DA:1,1
DA:4,1
DA:5,1
DA:7,1
DA:8,15
DA:10,15
DA:11,15
DA:12,15
DA:13,15
DA:14,15
DA:15,2
DA:16,2
DA:17,2
DA:18,2
DA:19,2
DA:20,2
DA:21,2
DA:22,2
DA:23,2
DA:25,15
DA:26,15
DA:27,15
DA:29,15
DA:31,1
LF:24
LH:24
BRDA:7,0,0,15
BRDA:14,1,0,7
BRDA:14,2,0,2
BRF:3
BRH:3
end_of_record
TN:
SF:src\components\search\filters\FilterMenuMobile.tsx
FN:20,FilterMenuMobile
FN:31,handleCloseFilter
FN:35,handleOpenFilterGroup
FN:42,handleExpandAll
FNF:4
FNH:2
FNDA:19,FilterMenuMobile
FNDA:1,handleCloseFilter
FNDA:0,handleOpenFilterGroup
FNDA:0,handleExpandAll
DA:1,1
DA:2,1
DA:3,1
DA:4,1
DA:5,1
DA:6,1
DA:11,1
DA:12,1
DA:13,1
DA:20,1
DA:21,19
DA:22,19
DA:24,19
DA:25,19
DA:26,11
DA:28,19
DA:29,19
DA:31,19
DA:32,1
DA:33,1
DA:35,19
DA:36,0
DA:37,0
DA:38,0
DA:39,0
DA:40,0
DA:42,19
DA:43,0
DA:44,0
DA:45,0
DA:46,0
DA:47,0
DA:48,0
DA:49,0
DA:51,19
DA:52,19
DA:53,19
DA:54,19
DA:55,19
DA:56,19
DA:57,19
DA:59,19
DA:60,19
DA:61,19
DA:62,19
DA:63,19
DA:64,19
DA:65,19
DA:67,19
DA:68,19
DA:69,19
DA:70,19
DA:71,19
DA:72,19
DA:73,0
DA:75,19
DA:77,19
DA:78,19
DA:79,10
DA:80,10
DA:81,10
DA:82,10
DA:83,10
DA:84,10
DA:85,10
DA:86,10
DA:87,10
DA:88,10
DA:89,10
DA:90,10
DA:92,19
DA:93,19
DA:94,19
DA:95,19
DA:96,19
DA:97,19
DA:98,19
DA:99,19
DA:100,19
DA:101,19
DA:102,19
DA:103,19
DA:104,19
DA:105,19
DA:107,19
DA:108,19
DA:109,19
DA:111,19
DA:113,1
LF:89
LH:76
BRDA:20,0,0,19
BRDA:25,1,0,11
BRDA:71,2,0,0
BRDA:72,3,0,0
BRDA:78,4,0,11
BRDA:100,5,0,6
BRDA:100,6,0,13
BRDA:26,7,0,10
BRDA:31,8,0,1
BRDA:78,9,0,10
BRF:10
BRH:8
end_of_record
TN:
SF:src\components\search\hooks\helpers.ts
FN:9,getFilterState
FN:27,haveFiltersChanged
FNF:2
FNH:2
FNDA:27,getFilterState
FNDA:13,haveFiltersChanged
DA:9,1
DA:10,27
DA:11,27
DA:12,27
DA:13,27
DA:14,27
DA:15,27
DA:16,27
DA:17,27
DA:18,27
DA:27,1
DA:28,13
DA:29,13
DA:30,13
DA:31,13
DA:32,13
DA:33,69
DA:34,69
DA:35,13
DA:36,13
LF:20
LH:20
BRDA:9,0,0,27
BRDA:12,1,0,25
BRDA:13,2,0,26
BRDA:14,3,0,4
BRDA:15,4,0,26
BRDA:16,5,0,26
BRDA:17,6,0,26
BRDA:27,7,0,13
BRDA:32,8,0,69
BRF:9
BRH:9
end_of_record
TN:
SF:src\components\search\hooks\types.ts
FN:1,(empty-report)
FNF:1
FNH:1
FNDA:1,(empty-report)
LF:0
LH:0
BRDA:1,0,0,1
BRF:1
BRH:1
end_of_record
TN:
SF:src\components\search\hooks\useClearFilters.ts
FN:5,useClearFilters
FNF:1
FNH:1
FNDA:40,useClearFilters
DA:1,1
DA:2,1
DA:3,1
DA:5,1
DA:6,40
DA:8,40
DA:9,4
DA:11,4
DA:12,8
DA:13,3
DA:14,3
DA:15,4
DA:17,4
DA:18,4
DA:19,40
DA:21,40
DA:22,40
LF:17
LH:17
BRDA:5,0,0,40
BRDA:8,1,0,4
BRDA:11,2,0,8
BRDA:12,3,0,3
BRF:4
BRH:4
end_of_record
TN:
SF:src\components\search\hooks\useFilterHandler.ts
FN:7,useFilterHandler
FN:10,toggleFilter
FNF:2
FNH:2
FNDA:25,useFilterHandler
FNDA:6,toggleFilter
DA:1,1
DA:2,1
DA:4,1
DA:5,1
DA:7,1
DA:8,25
DA:10,25
DA:11,6
DA:12,6
DA:13,6
DA:15,6
DA:16,4
DA:17,4
DA:18,4
DA:19,3
DA:20,3
DA:21,3
DA:22,3
DA:23,3
DA:24,4
DA:25,4
DA:26,4
DA:27,4
DA:28,6
DA:29,2
DA:30,2
DA:31,2
DA:32,2
DA:33,1
DA:34,1
DA:35,1
DA:36,1
DA:37,2
DA:38,2
DA:39,2
DA:40,2
DA:41,2
DA:42,2
DA:43,6
DA:45,25
DA:46,25
LF:41
LH:41
BRDA:7,0,0,25
BRDA:10,1,0,6
BRDA:15,2,0,4
BRDA:16,3,0,0
BRDA:18,4,0,3
BRDA:18,5,0,3
BRDA:28,6,0,2
BRDA:32,7,0,1
BRDA:18,8,0,1
BRDA:19,9,0,3
BRDA:29,10,0,2
BRDA:30,11,0,3
BRF:12
BRH:11
end_of_record
TN:
SF:src\components\search\hooks\useInitialPageFromSearchParams.ts
FN:11,useInitialPageFromSearchParams
FNF:1
FNH:1
FNDA:16,useInitialPageFromSearchParams
DA:1,1
DA:2,1
DA:3,1
DA:11,1
DA:12,16
DA:13,16
DA:14,12
DA:15,16
DA:17,16
DA:20,16
DA:21,12
DA:23,12
DA:24,1
DA:25,0
DA:26,0
DA:27,1
DA:28,1
DA:29,1
DA:30,1
DA:31,16
DA:33,16
DA:34,16
LF:22
LH:20
BRDA:11,0,0,16
BRDA:13,1,0,12
BRDA:14,2,0,11
BRDA:20,3,0,12
BRDA:23,4,0,1
BRF:5
BRH:5
end_of_record
TN:
SF:src\components\search\test\mock-data.ts
FNF:0
FNH:0
DA:3,1
DA:4,1
DA:5,1
DA:6,1
DA:7,1
DA:8,1
DA:9,1
DA:10,1
DA:11,1
DA:12,1
DA:13,1
DA:14,1
DA:15,1
DA:16,1
DA:17,1
DA:18,1
DA:19,1
DA:20,1
DA:21,1
DA:22,1
DA:23,1
DA:24,1
DA:26,1
DA:27,1
DA:28,1
DA:29,1
DA:30,1
DA:31,1
DA:32,1
DA:33,1
DA:34,1
DA:35,1
DA:36,1
DA:37,1
DA:38,1
DA:39,1
DA:40,1
DA:41,1
DA:42,1
DA:43,1
DA:44,1
DA:45,1
DA:46,1
DA:47,1
DA:48,1
DA:49,1
DA:50,1
DA:52,1
DA:53,1
DA:54,1
DA:55,1
DA:56,1
DA:57,1
DA:58,1
DA:59,1
DA:60,1
DA:61,1
DA:62,1
DA:63,1
DA:64,1
DA:65,1
DA:66,1
DA:67,1
DA:68,1
DA:69,1
DA:70,1
DA:71,1
DA:72,1
DA:73,1
DA:74,1
DA:75,1
DA:76,1
DA:77,1
DA:78,1
DA:79,1
DA:80,1
DA:81,1
DA:82,1
DA:83,1
DA:84,1
DA:85,1
DA:86,1
DA:87,1
DA:88,1
DA:89,1
DA:90,1
DA:91,1
DA:92,1
DA:93,1
DA:94,1
DA:95,1
DA:96,1
DA:97,1
DA:98,1
DA:99,1
DA:100,1
DA:101,1
DA:102,1
DA:103,1
DA:104,1
DA:105,1
DA:106,1
DA:107,1
DA:108,1
DA:109,1
DA:110,1
DA:111,1
DA:112,1
DA:113,1
DA:114,1
DA:115,1
DA:116,1
DA:117,1
DA:118,1
DA:119,1
DA:120,1
DA:121,1
DA:122,1
DA:123,1
DA:124,1
DA:125,1
DA:126,1
DA:127,1
DA:128,1
DA:129,1
DA:130,1
DA:131,1
DA:132,1
LF:128
LH:128
BRF:0
BRH:0
end_of_record
TN:
SF:src\components\search\utils\setFilterChipsFromSearchParams.ts
FN:6,setFilterChipsFromSearchParams
FNF:1
FNH:1
FNDA:16,setFilterChipsFromSearchParams
DA:3,1
DA:6,1
DA:7,16
DA:8,16
DA:9,16
DA:10,16
DA:11,16
DA:12,16
DA:14,15
DA:15,15
DA:17,15
DA:18,15
DA:19,15
DA:21,15
DA:23,1
DA:24,2
DA:25,2
DA:27,2
DA:28,6
DA:29,1
DA:30,1
DA:31,1
DA:32,1
DA:33,1
DA:34,1
DA:35,2
DA:36,1
DA:38,1
DA:39,1
DA:41,1
LF:30
LH:30
BRDA:6,0,0,16
BRDA:12,1,0,1
BRDA:12,2,0,15
BRDA:21,3,0,14
BRDA:21,4,0,1
BRDA:18,5,0,13
BRDA:23,6,0,2
BRDA:25,7,0,1
BRDA:27,8,0,6
BRDA:28,9,0,4
BRDA:28,10,0,1
BRF:11
BRH:11
end_of_record
TN:
SF:src\data\activityIconMap.ts
FNF:0
FNH:0
DA:1,1
DA:2,1
DA:3,1
DA:4,1
DA:5,1
DA:6,1
DA:7,1
DA:8,1
DA:9,1
DA:10,1
DA:11,1
DA:12,1
DA:13,1
DA:14,1
DA:15,1
DA:16,1
DA:17,1
DA:18,1
DA:19,1
DA:20,1
DA:21,1
DA:22,1
DA:23,1
DA:24,1
DA:25,1
DA:26,1
DA:27,1
DA:28,1
DA:29,1
DA:30,1
DA:36,1
DA:37,1
DA:38,1
DA:39,1
DA:40,1
DA:41,1
DA:42,1
DA:43,1
DA:44,1
DA:45,1
DA:47,1
DA:48,1
DA:49,1
DA:50,1
DA:51,1
DA:52,1
DA:53,1
DA:55,1
DA:56,1
DA:57,1
DA:58,1
DA:59,1
DA:60,1
DA:61,1
DA:63,1
DA:64,1
DA:65,1
DA:66,1
DA:67,1
DA:68,1
DA:69,1
DA:70,1
DA:72,1
LF:63
LH:63
BRF:0
BRH:0
end_of_record
TN:
SF:src\data\breakpoints.ts
FNF:0
FNH:0
DA:2,1
DA:3,1
DA:4,1
DA:5,1
DA:6,1
DA:7,1
DA:8,1
LF:7
LH:7
BRF:0
BRH:0
end_of_record
TN:
SF:src\data\facilitiesIconMap.ts
FNF:0
FNH:0
DA:1,1
DA:2,1
DA:8,1
DA:9,1
DA:10,1
DA:11,1
LF:6
LH:6
BRF:0
BRH:0
end_of_record
TN:
SF:src\data\urls.ts
FNF:0
FNH:0
DA:1,1
DA:2,1
DA:3,1
DA:4,1
DA:5,1
DA:6,1
DA:7,1
DA:8,1
DA:9,1
DA:10,1
DA:11,1
DA:12,1
DA:13,1
DA:14,1
DA:15,1
DA:16,1
DA:17,1
DA:18,1
DA:19,1
DA:20,1
DA:21,1
DA:22,1
DA:23,1
DA:24,1
LF:24
LH:24
BRF:0
BRH:0
end_of_record
TN:
SF:src\hooks\useMediaQuery.ts
FN:3,useMediaQuery
FN:4,getMatches
FN:15,listener
FNF:3
FNH:3
FNDA:4,useMediaQuery
FNDA:3,getMatches
FNDA:1,listener
DA:1,1
DA:3,1
DA:4,4
DA:5,3
DA:6,2
DA:7,1
DA:9,4
DA:11,4
DA:12,3
DA:14,2
DA:15,2
DA:17,2
DA:18,2
DA:19,2
DA:20,4
DA:22,4
DA:23,4
DA:25,1
LF:18
LH:18
BRDA:3,0,0,4
BRDA:4,1,0,3
BRDA:5,2,0,2
BRDA:6,3,0,1
BRDA:11,4,0,3
BRDA:12,5,0,1
BRDA:12,6,0,2
BRDA:15,7,0,1
BRDA:19,8,0,2
BRF:9
BRH:9
end_of_record
TN:
SF:src\routes\AppRoutes.tsx
FN:9,AppRoutes
FNF:1
FNH:1
FNDA:9,AppRoutes
DA:1,1
DA:2,1
DA:3,1
DA:4,1
DA:5,1
DA:6,1
DA:7,1
DA:9,9
DA:10,9
DA:11,9
DA:12,9
DA:13,9
DA:14,9
DA:15,9
DA:16,9
DA:17,9
DA:18,9
DA:20,9
DA:21,9
DA:22,9
DA:23,9
DA:24,9
DA:25,9
DA:26,9
DA:27,9
DA:29,9
DA:31,9
DA:32,9
DA:33,9
DA:34,9
DA:35,9
DA:36,9
DA:37,9
DA:38,9
DA:40,9
DA:41,9
DA:43,9
LF:37
LH:37
BRDA:9,0,0,9
BRF:1
BRH:1
end_of_record
TN:
SF:src\routes\constants.ts
FN:13,REC_RESOURCE
FNF:1
FNH:1
FNDA:117,REC_RESOURCE
DA:1,1
DA:2,1
DA:3,1
DA:4,1
DA:5,1
DA:6,1
DA:8,1
DA:10,1
DA:11,1
DA:12,1
DA:13,1
DA:14,1
DA:15,1
LF:13
LH:13
BRDA:13,0,0,117
BRF:1
BRH:1
end_of_record
TN:
SF:src\routes\index.ts
FNF:0
FNH:0
DA:1,1
DA:2,1
LF:2
LH:2
BRF:0
BRH:0
end_of_record
TN:
SF:src\service\api-service.ts
FN:1,(empty-report)
FNF:1
FNH:1
FNDA:1,(empty-report)
DA:2,0
DA:4,0
DA:5,0
DA:7,0
DA:8,0
DA:9,0
DA:10,0
DA:11,0
DA:12,0
DA:13,0
DA:14,0
DA:15,0
DA:16,0
DA:17,0
DA:18,0
DA:19,0
DA:20,0
DA:21,0
DA:22,0
DA:23,0
DA:24,0
DA:25,0
DA:27,0
DA:28,0
DA:29,0
DA:30,0
DA:32,0
LF:27
LH:0
BRDA:1,0,0,1
BRF:1
BRH:1
end_of_record
TN:
SF:src\service\hooks\helpers.ts
FN:5,getBasePath
FNF:1
FNH:1
FNDA:3,getBasePath
DA:5,1
DA:6,3
LF:2
LH:2
BRDA:5,0,0,3
BRDA:6,1,0,2
BRDA:6,2,0,2
BRF:3
BRH:3
end_of_record
TN:
SF:src\service\hooks\useRecreationResourceApi.ts
FN:7,useRecreationResourceApi
FNF:1
FNH:1
FNDA:1,useRecreationResourceApi
DA:1,1
DA:5,1
DA:7,1
DA:8,1
DA:9,1
DA:10,1
DA:11,1
DA:12,1
LF:8
LH:8
BRDA:7,0,0,1
BRF:1
BRH:1
end_of_record
TN:
SF:src\service\queries\recreation-resource\helpers.ts
FN:11,getBasePathForAssets
FN:20,transformRecreationResourceBase
FN:46,transformRecreationResourceDetail
FNF:3
FNH:3
FNDA:14,getBasePathForAssets
FNDA:6,transformRecreationResourceBase
FNDA:3,transformRecreationResourceDetail
DA:11,1
DA:12,14
DA:13,2
DA:20,1
DA:21,6
DA:22,6
DA:23,6
DA:24,6
DA:25,6
DA:26,6
DA:27,6
DA:28,5
DA:29,5
DA:30,5
DA:31,5
DA:32,10
DA:33,10
DA:34,10
DA:35,5
DA:36,5
DA:37,6
DA:38,6
DA:39,6
DA:46,1
DA:47,3
DA:48,3
DA:49,3
DA:50,3
DA:51,3
DA:52,3
DA:53,3
DA:54,2
DA:55,2
DA:56,3
DA:57,3
DA:58,3
LF:36
LH:36
BRDA:11,0,0,14
BRDA:12,1,0,2
BRDA:20,2,0,6
BRDA:27,3,0,5
BRDA:31,4,0,10
BRDA:46,5,0,3
BRDA:53,6,0,2
BRF:7
BRH:7
end_of_record
TN:
SF:src\service\queries\recreation-resource\index.ts
FNF:0
FNH:0
DA:1,1
LF:1
LH:1
BRF:0
BRH:0
end_of_record
TN:
SF:src\service\queries\recreation-resource\recreationResourceQueries.ts
FN:26,useGetRecreationResourceById
FN:35,queryFn
FN:53,retry
FN:66,useGetSiteOperatorById
FN:74,queryFn
FN:86,retry
FN:104,useSearchRecreationResourcesPaginated
FN:115,getPreviousPageParam
FN:133,getNextPageParam
FN:155,queryFn
FN:187,select
FN:210,placeholderData
FNF:12
FNH:12
FNDA:4,useGetRecreationResourceById
FNDA:2,queryFn
FNDA:1,retry
FNDA:4,useGetSiteOperatorById
FNDA:2,queryFn
FNDA:1,retry
FNDA:6,useSearchRecreationResourcesPaginated
FNDA:11,getPreviousPageParam
FNDA:12,getNextPageParam
FNDA:4,queryFn
FNDA:6,select
FNDA:15,placeholderData
DA:9,1
DA:10,1
DA:11,1
DA:12,1
DA:26,1
DA:27,4
DA:28,4
DA:29,4
DA:30,4
DA:31,4
DA:32,4
DA:35,4
DA:36,2
DA:37,2
DA:38,2
DA:39,2
DA:40,2
DA:43,1
DA:44,1
DA:45,1
DA:46,1
DA:47,2
DA:50,4
DA:53,4
DA:54,1
DA:55,1
DA:56,1
DA:57,4
DA:58,4
DA:66,1
DA:67,4
DA:68,4
DA:69,4
DA:70,4
DA:71,4
DA:74,4
DA:75,2
DA:76,2
DA:77,2
DA:78,2
DA:79,2
DA:80,2
DA:83,4
DA:86,4
DA:87,1
DA:88,1
DA:89,0
DA:90,1
DA:91,1
DA:92,1
DA:93,1
DA:94,4
DA:95,4
DA:104,1
DA:105,6
DA:106,6
DA:107,6
DA:109,6
DA:115,6
DA:116,11
DA:117,11
DA:118,11
DA:119,11
DA:120,11
DA:121,11
DA:123,0
DA:124,0
DA:125,0
DA:126,0
DA:127,11
DA:133,6
DA:134,12
DA:135,12
DA:136,12
DA:137,12
DA:138,12
DA:139,12
DA:141,12
DA:143,12
DA:145,8
DA:146,8
DA:147,8
DA:148,8
DA:149,12
DA:155,6
DA:156,4
DA:157,4
DA:159,4
DA:160,4
DA:161,4
DA:162,4
DA:163,4
DA:164,4
DA:166,3
DA:167,3
DA:168,3
DA:169,3
DA:170,3
DA:173,3
DA:174,3
DA:175,3
DA:176,3
DA:177,4
DA:178,1
DA:179,1
DA:180,1
DA:181,4
DA:187,6
DA:188,6
DA:192,6
DA:193,6
DA:194,6
DA:195,6
DA:196,6
DA:197,6
DA:198,6
DA:199,6
DA:200,6
DA:201,6
DA:203,6
DA:204,6
DA:205,6
DA:206,6
DA:207,6
DA:208,6
DA:209,6
DA:210,6
DA:211,6
DA:212,6
LF:129
LH:124
BRDA:26,0,0,4
BRDA:35,1,0,2
BRDA:40,2,0,1
BRDA:53,3,0,1
BRDA:54,4,0,0
BRDA:55,5,0,0
BRDA:66,6,0,4
BRDA:74,7,0,2
BRDA:86,8,0,1
BRDA:87,9,0,0
BRDA:88,10,0,0
BRDA:88,11,0,0
BRDA:88,12,0,0
BRDA:104,13,0,6
BRDA:115,14,0,11
BRDA:121,15,0,0
BRDA:133,16,0,12
BRDA:139,17,0,8
BRDA:143,18,0,4
BRDA:143,19,0,8
BRDA:155,20,0,4
BRDA:163,21,0,3
BRDA:164,22,0,3
BRDA:177,23,0,1
BRDA:187,24,0,6
BRDA:196,25,0,0
BRDA:198,26,0,4
BRDA:199,27,0,0
BRDA:210,28,0,15
BRF:29
BRH:20
end_of_record
TN:
SF:src\store\filterChips.ts
FNF:0
FNH:0
DA:1,1
DA:4,1
DA:6,1
LF:3
LH:3
BRF:0
BRH:0
end_of_record
TN:
SF:src\store\index.ts
FNF:0
FNH:0
DA:1,1
DA:2,1
LF:2
LH:2
BRF:0
BRH:0
end_of_record
TN:
SF:src\store\searchResults.ts
FNF:0
FNH:0
DA:1,1
DA:8,1
DA:9,1
DA:10,1
DA:11,1
DA:12,1
DA:13,1
DA:14,1
DA:24,1
DA:26,1
LF:10
LH:10
BRF:0
BRH:0
end_of_record
TN:
SF:src\utils\buildQueryString.ts
FN:4,buildQueryString
FNF:1
FNH:1
FNDA:3,buildQueryString
DA:4,1
DA:6,3
DA:7,3
DA:8,3
DA:10,3
DA:11,3
DA:12,3
DA:13,3
DA:14,3
DA:16,1
LF:10
LH:10
BRDA:4,0,0,3
BRDA:7,1,0,0
BRDA:13,2,0,2
BRDA:13,3,0,1
BRDA:10,4,0,7
BRDA:10,5,0,6
BRDA:11,6,0,5
BRF:7
BRH:6
end_of_record
TN:
SF:src\utils\matomo.ts
FN:14,trackEvent
FN:25,trackClickEvent
FN:41,trackSiteSearch
FNF:3
FNH:3
FNDA:15,trackEvent
FNDA:313,trackClickEvent
FNDA:13,trackSiteSearch
DA:14,1
DA:15,15
DA:16,15
DA:17,15
DA:18,15
DA:19,15
DA:20,15
DA:21,3
DA:22,3
DA:23,15
DA:25,1
DA:26,313
DA:27,313
DA:28,313
DA:29,313
DA:30,313
DA:31,313
DA:32,1
DA:33,1
DA:34,1
DA:35,1
DA:36,1
DA:37,1
DA:38,1
DA:39,313
DA:41,1
DA:42,13
DA:43,13
DA:44,13
DA:45,13
DA:46,13
DA:47,2
DA:48,2
DA:49,13
LF:34
LH:34
BRDA:14,0,0,15
BRDA:20,1,0,3
BRDA:25,2,0,313
BRDA:31,3,0,1
BRDA:41,4,0,13
BRDA:46,5,0,2
BRF:6
BRH:6
end_of_record
TN:
SF:src\utils\removeFilter.ts
FN:1,removeFilter
FNF:1
FNH:1
FNDA:9,removeFilter
DA:1,1
DA:2,9
DA:3,9
DA:4,9
DA:5,9
DA:6,9
DA:7,9
DA:8,9
DA:9,9
DA:10,9
DA:11,9
DA:12,9
DA:14,1
LF:13
LH:13
BRDA:1,0,0,9
BRDA:7,1,0,2
BRDA:9,2,0,4
BRF:3
BRH:3
end_of_record
TN:
SF:src\utils\map\geometryUtils.ts
FN:11,isPointGeometry
FN:15,isLineStringGeometry
FN:19,isMultiLineStringGeometry
FN:23,isLineOrMultiLineStringGeometry
FN:28,isPolygonGeometry
FN:34,isMultiPolygonGeometry
FN:38,isPolygonOrMultiPolygonGeometry
FNF:7
FNH:0
FNDA:0,isPointGeometry
FNDA:0,isLineStringGeometry
FNDA:0,isMultiLineStringGeometry
FNDA:0,isLineOrMultiLineStringGeometry
FNDA:0,isPolygonGeometry
FNDA:0,isMultiPolygonGeometry
FNDA:0,isPolygonOrMultiPolygonGeometry
DA:1,1
DA:11,1
DA:12,0
DA:13,0
DA:15,1
DA:16,0
DA:17,0
DA:19,1
DA:20,0
DA:21,0
DA:23,1
DA:24,0
DA:26,0
DA:28,1
DA:29,0
DA:30,0
DA:31,0
DA:32,0
DA:34,1
DA:35,0
DA:36,0
DA:38,1
DA:39,0
DA:41,0
LF:24
LH:8
BRF:0
BRH:0
end_of_record
TN:
SF:src\utils\map\index.ts
FNF:0
FNH:0
DA:1,1
LF:1
LH:1
BRF:0
BRH:0
end_of_record
